#
# A fatal error has been detected by the Java Runtime Environment:
#
#  Internal Error (vmThread.cpp:727), pid=209726, tid=209733
#  fatal error: Nested VM operation CollectForMetadataAllocation requested by operation ChangeBreakpoints
#
# JRE version: OpenJDK Runtime Environment (13.0.7+5) (build 13.0.7+5-Ubuntu-0ubuntu120.04)
# Java VM: OpenJDK 64-Bit Server VM (13.0.7+5-Ubuntu-0ubuntu120.04, mixed mode, tiered, compressed oops, g1 gc, linux-amd64)
# Problematic frame:
# V  [libjvm.so+0xf9604a]
#
# Core dump will be written. Default location: Core dumps may be processed with "/usr/share/apport/apport -p%p -s%s -c%c -d%d -P%P -u%u -g%g -- %E" (or dumping to /home/pavel/Desktop/workspace/crypto/backend/core.209726)
#
# If you would like to submit a bug report, please visit:
#   Unknown
#

---------------  S U M M A R Y ------------

Command Line: -agentlib:jdwp=transport=dt_socket,address=127.0.0.1:36651,suspend=y,server=n -ea -Didea.test.cyclic.buffer.size=1048576 -javaagent:/home/pavel/.local/share/JetBrains/Toolbox/apps/IDEA-U/ch-0/223.8617.56/plugins/Groovy/lib/agent/gragent.jar -javaagent:/home/pavel/.local/share/JetBrains/Toolbox/apps/IDEA-U/ch-0/223.8617.56/plugins/java/lib/rt/debugger-agent.jar -Dfile.encoding=UTF-8 com.intellij.rt.junit.JUnitStarter -ideVersion5 -junit5 com.crypto.users.service.UserServiceTest,should_throw_exception_on_create_when_password_is_empty

Host: 11th Gen Intel(R) Core(TM) i7-1165G7 @ 2.80GHz, 8 cores, 15G, Ubuntu 20.04.5 LTS
Time: Tue Feb 14 20:41:16 2023 EET elapsed time: 1.196873 seconds (0d 0h 0m 1s)

---------------  T H R E A D  ---------------

Current thread (0x00007f9758262800):  VMThread "VM Thread" [stack: 0x00007f97342d8000,0x00007f97343d8000] [id=209733]

Stack: [0x00007f97342d8000,0x00007f97343d8000],  sp=0x00007f97343d62f0,  free space=1016k
Native frames: (J=compiled Java code, A=aot compiled Java code, j=interpreted, Vv=VM code, C=native code)
V  [libjvm.so+0xf9604a]
V  [libjvm.so+0x5ea5a8]
V  [libjvm.so+0xbbdf05]
V  [libjvm.so+0xbd71d0]
V  [libjvm.so+0xbd3907]
V  [libjvm.so+0xbd3b4b]
V  [libjvm.so+0xa6cb04]
V  [libjvm.so+0xf90940]
V  [libjvm.so+0xf96657]
V  [libjvm.so+0xf96d2b]
V  [libjvm.so+0xf9706a]
V  [libjvm.so+0xf2208f]
V  [libjvm.so+0xc493ff]

Register to memory mapping:

RAX=0x00007f975ebdd000 points into unknown readable memory: 58 00 00 00 00 00 00 00
RBX=0x00007f971f0f7920 is pointing into the stack for thread: 0x00007f97583cd000
RCX=0x0000000000000001 is an unknown value
RDX=0x00007f9758263a10 points into unknown readable memory: 02 00 00 00 00 00 00 00
RSP=0x00007f97343d62f0 points into unknown readable memory: 6c 1a 60 5e 97 7f 00 00
RBP=0x00007f97343d6480 points into unknown readable memory: 60 65 3d 34 97 7f 00 00
RSI=0x0000000000000001 is an unknown value
RDI=0x00007f971f0f7920 is pointing into the stack for thread: 0x00007f97583cd000
R8 =0x0000000000000001 is an unknown value
R9 =0x0 is NULL
R10=0x00007ffcf65cb090 points into unknown readable memory: ff ff ff ff ff ff ff ff
R11=0x00000000035fca78 is an unknown value
R12=0x00007f9758262800 points into unknown readable memory: 00 b8 88 5e 97 7f 00 00
R13=0x00007f9758363be0 points into unknown readable memory: b0 d4 31 58 97 7f 00 00
R14=0x00007f97343d64c0 points into unknown readable memory: e0 0a 88 5e 97 7f 00 00
R15=0x00007f97343d64c0 points into unknown readable memory: e0 0a 88 5e 97 7f 00 00


Registers:
RAX=0x00007f975ebdd000, RBX=0x00007f971f0f7920, RCX=0x0000000000000001, RDX=0x00007f9758263a10
RSP=0x00007f97343d62f0, RBP=0x00007f97343d6480, RSI=0x0000000000000001, RDI=0x00007f971f0f7920
R8 =0x0000000000000001, R9 =0x0000000000000000, R10=0x00007ffcf65cb090, R11=0x00000000035fca78
R12=0x00007f9758262800, R13=0x00007f9758363be0, R14=0x00007f97343d64c0, R15=0x00007f97343d64c0
RIP=0x00007f975e4e004a, EFLAGS=0x0000000000010246, CSGSFS=0x002b000000000033, ERR=0x0000000000000006
  TRAPNO=0x000000000000000e

Top of Stack: (sp=0x00007f97343d62f0)
0x00007f97343d62f0:   00007f975e601a6c 00007f97343d6a68
0x00007f97343d6300:   0000000000000011 00007f975ea09fe6
0x00007f97343d6310:   0000000000000000 0000000000000000
0x00007f97343d6320:   0000000200000000 0000003000000010 

Instructions: (pc=0x00007f975e4e004a)
0x00007f975e4dff4a:   b2 00 00 00 ff 50 38 85 c0 0f 84 b7 00 00 00 49
0x00007f975e4dff5a:   8b 07 4c 89 ff ff 50 38 83 f8 03 0f 84 a5 00 00
0x00007f975e4dff6a:   00 4c 89 ff e8 ed a8 ff ff 49 8b 07 4c 89 ff ff
0x00007f975e4dff7a:   50 48 4d 85 ff 74 0d 84 c0 74 09 49 8b 07 4c 89
0x00007f975e4dff8a:   ff ff 50 08 4c 89 f7 48 89 1d e8 69 46 00 e8 d3
0x00007f975e4dff9a:   55 87 ff 4c 89 ef e8 cb e9 78 ff 48 81 c4 68 01
0x00007f975e4dffaa:   00 00 5b 41 5c 41 5d 41 5e 41 5f 5d c3 66 0f 1f
0x00007f975e4dffba:   84 00 00 00 00 00 49 8b 07 4c 89 ff ff 50 18 89
0x00007f975e4dffca:   c3 84 c0 74 d6 4c 89 e7 45 31 ed e8 26 47 f8 ff
0x00007f975e4dffda:   4c 89 e6 4c 89 ff 89 c2 e8 69 a8 ff ff 49 8b 07
0x00007f975e4dffea:   4c 89 ff ff 50 48 88 85 7f fe ff ff e9 88 fd ff
0x00007f975e4dfffa:   ff 0f 1f 44 00 00 ff d2 84 c0 0f 84 61 ff ff ff
0x00007f975e4e000a:   66 0f 1f 44 00 00 48 8d 05 6d 68 43 00 8b 00 83
0x00007f975e4e001a:   f8 02 0f 84 49 ff ff ff e8 99 f6 d6 ff 4c 89 ff
0x00007f975e4e002a:   e8 31 a8 ff ff e8 ac ea d6 ff e9 3a ff ff ff 0f
0x00007f975e4e003a:   1f 80 00 00 00 00 48 8d 05 d1 21 3b 00 48 8b 00
0x00007f975e4e004a:   c6 00 58 48 8b 3d 2c 69 46 00 48 8b 07 ff 50 70
0x00007f975e4e005a:   4c 89 ff 49 89 c5 49 8b 07 ff 50 70 4d 89 e8 be
0x00007f975e4e006a:   d7 02 00 00 48 8d 15 d3 18 12 00 48 89 c1 48 8d
0x00007f975e4e007a:   3d 19 18 12 00 31 c0 e8 ea 8b 6d ff e8 d5 bb ca
0x00007f975e4e008a:   ff e9 51 fe ff ff 49 8b 07 4c 89 ff ff 50 70 48
0x00007f975e4e009a:   8d 15 4a 81 0b 00 48 89 c1 e9 5b fe ff ff 0f 1f
0x00007f975e4e00aa:   84 00 00 00 00 00 ff d2 4c 89 ff 41 89 c5 49 8b
0x00007f975e4e00ba:   07 ff 50 18 84 c0 0f 84 df fe ff ff 4c 89 e7 e8
0x00007f975e4e00ca:   32 46 f8 ff 4c 89 e6 4c 89 ff 89 c2 e8 75 a7 ff
0x00007f975e4e00da:   ff 49 8b 07 4c 89 ff ff 50 48 88 85 7f fe ff ff
0x00007f975e4e00ea:   45 84 ed 0f 84 7c fc ff ff 44 89 eb 45 31 ed e9
0x00007f975e4e00fa:   85 fc ff ff 66 90 4d 85 f6 74 53 4c 89 f7 e8 73
0x00007f975e4e010a:   6d c6 ff 45 3b ac 24 2c 02 00 00 0f 8e 7e fd ff
0x00007f975e4e011a:   ff 0f 1f 44 00 00 31 d2 31 f6 4c 89 f7 e8 f4 6e
0x00007f975e4e012a:   c6 ff 45 3b ac 24 2c 02 00 00 7f ea e9 59 fd ff
0x00007f975e4e013a:   ff 0f 1f 44 00 00 45 39 ac 24 2c 02 00 00 0f 8c 


Stack slot to memory mapping:
stack at sp + 0 slots: 0x00007f975e601a6c: <offset 0x00000000010b7a6c> in /usr/lib/jvm/java-13-openjdk-amd64/lib/server/libjvm.so at 0x00007f975d54a000
stack at sp + 1 slots: 0x00007f97343d6a68 points into unknown readable memory: c0 ed 1f 58 97 7f 00 00
stack at sp + 2 slots: 0x0000000000000011 is an unknown value
stack at sp + 3 slots: 0x00007f975ea09fe6: <offset 0x0000000000076fe6> in /lib/x86_64-linux-gnu/libc.so.6 at 0x00007f975e993000
stack at sp + 4 slots: 0x0 is NULL
stack at sp + 5 slots: 0x0 is NULL
stack at sp + 6 slots: 0x0000000200000000 is an unknown value
stack at sp + 7 slots: 0x0000003000000010 is an unknown value

VM_Operation (0x00007f971f0f7920): ChangeBreakpoints, mode: safepoint, requested by thread 0x00007f97583cd000


---------------  P R O C E S S  ---------------

Threads class SMR info:
_java_thread_list=0x00007f96f009e520, length=16, elements={
0x00007f9758024000, 0x00007f975826e800, 0x00007f9758272000, 0x00007f9758296000,
0x00007f9758298000, 0x00007f975829a000, 0x00007f975829c000, 0x00007f975829e000,
0x00007f9758354000, 0x00007f97583cd000, 0x00007f97583d1800, 0x00007f96f4001800,
0x00007f9758e45000, 0x00007f9708001000, 0x00007f9704273000, 0x00007f96f0085000
}

Java Threads: ( => current thread )
  0x00007f9758024000 JavaThread "main" [_thread_blocked, id=209727, stack(0x00007f975d0fd000,0x00007f975d1fe000)]
  0x00007f975826e800 JavaThread "Reference Handler" daemon [_thread_blocked, id=209734, stack(0x00007f97341d5000,0x00007f97342d6000)]
  0x00007f9758272000 JavaThread "Finalizer" daemon [_thread_blocked, id=209735, stack(0x00007f97340d4000,0x00007f97341d5000)]
  0x00007f9758296000 JavaThread "Signal Dispatcher" daemon [_thread_blocked, id=209736, stack(0x00007f971f6ff000,0x00007f971f800000)]
  0x00007f9758298000 JavaThread "Service Thread" daemon [_thread_blocked, id=209737, stack(0x00007f971f5fe000,0x00007f971f6ff000)]
  0x00007f975829a000 JavaThread "C2 CompilerThread0" daemon [_thread_blocked, id=209738, stack(0x00007f971f4fd000,0x00007f971f5fe000)]
  0x00007f975829c000 JavaThread "C1 CompilerThread0" daemon [_thread_blocked, id=209739, stack(0x00007f971f3fc000,0x00007f971f4fd000)]
  0x00007f975829e000 JavaThread "Sweeper thread" daemon [_thread_blocked, id=209740, stack(0x00007f971f2fb000,0x00007f971f3fc000)]
  0x00007f9758354000 JavaThread "Common-Cleaner" daemon [_thread_blocked, id=209741, stack(0x00007f971f1fa000,0x00007f971f2fb000)]
  0x00007f97583cd000 JavaThread "JDWP Transport Listener: dt_socket" daemon [_thread_blocked, id=209745, stack(0x00007f971eff8000,0x00007f971f0f9000)]
  0x00007f97583d1800 JavaThread "JDWP Event Helper Thread" daemon [_thread_blocked, id=209746, stack(0x00007f971eef7000,0x00007f971eff8000)]
  0x00007f96f4001800 JavaThread "JDWP Command Reader" daemon [_thread_in_native, id=209747, stack(0x00007f971edf6000,0x00007f971eef7000)]
  0x00007f9758e45000 JavaThread "process reaper" daemon [_thread_blocked, id=209770, stack(0x00007f973409a000,0x00007f97340bc000)]
  0x00007f9708001000 JavaThread "Attach Listener" daemon [_thread_blocked, id=209784, stack(0x00007f971e3eb000,0x00007f971e4ec000)]
  0x00007f9704273000 JavaThread "C2 CompilerThread1" daemon [_thread_blocked, id=209785, stack(0x00007f971f0f9000,0x00007f971f1fa000)]
  0x00007f96f0085000 JavaThread "C2 CompilerThread2" daemon [_thread_blocked, id=209786, stack(0x00007f971e0ea000,0x00007f971e1eb000)]

Other Threads:
=>0x00007f9758262800 VMThread "VM Thread" [stack: 0x00007f97342d8000,0x00007f97343d8000] [id=209733]
  0x00007f9758a9b000 WatcherThread [stack: 0x00007f971ecf6000,0x00007f971edf6000] [id=209749]
  0x00007f975808b800 GCTaskThread "GC Thread#0" [stack: 0x00007f9737107000,0x00007f9737207000] [id=209728]
  0x00007f9718001000 GCTaskThread "GC Thread#1" [stack: 0x00007f971e9f4000,0x00007f971eaf4000] [id=209755]
  0x00007f9718002800 GCTaskThread "GC Thread#2" [stack: 0x00007f971e8f2000,0x00007f971e9f2000] [id=209756]
  0x00007f9718004000 GCTaskThread "GC Thread#3" [stack: 0x00007f971e7f0000,0x00007f971e8f0000] [id=209757]
  0x00007f9718005800 GCTaskThread "GC Thread#4" [stack: 0x00007f971e6ee000,0x00007f971e7ee000] [id=209758]
  0x00007f97580ac800 ConcurrentGCThread "G1 Main Marker" [stack: 0x00007f9737005000,0x00007f9737105000] [id=209729]
  0x00007f97580ae800 ConcurrentGCThread "G1 Conc#0" [stack: 0x00007f9736f03000,0x00007f9737003000] [id=209730]
  0x00007f97581ad800 ConcurrentGCThread "G1 Refine#0" [stack: 0x00007f97345f9000,0x00007f97346f9000] [id=209731]
  0x00007f97581af800 ConcurrentGCThread "G1 Young RemSet Sampling" [stack: 0x00007f97344f7000,0x00007f97345f7000] [id=209732]

Threads with active compile tasks:
C2 CompilerThread2     1202 1956       4       java.io.File::exists (43 bytes)

VM state:at safepoint (normal execution)

VM Mutex/Monitor currently owned by a thread:  ([mutex/lock_event])
[0x00007f975801fa60] Threads_lock - owner thread: 0x00007f9758262800

Heap address: 0x0000000709400000, size: 3948 MB, Compressed Oops mode: Zero based, Oop shift amount: 3
Narrow klass base: 0x0000000800000000, Narrow klass shift: 0
Compressed class space size: 1073741824 Address: 0x0000000800000000

Heap:
 garbage-first heap   total 253952K, used 110534K [0x0000000709400000, 0x0000000800000000)
  region size 1024K, 104 young (106496K), 3 survivors (3072K)
 Metaspace       used 20546K, capacity 21106K, committed 21296K, reserved 1067008K
  class space    used 2642K, capacity 2862K, committed 2944K, reserved 1048576K
Heap Regions: E=young(eden), S=young(survivor), O=old, HS=humongous(starts), HC=humongous(continues), CS=collection set, F=free, A=archive, TAMS=top-at-mark-start (previous, next)
|   0|0x0000000709400000, 0x0000000709500000, 0x0000000709500000|100%|HS|  |TAMS 0x0000000709400000, 0x0000000709400000| Complete 
|   1|0x0000000709500000, 0x0000000709600000, 0x0000000709600000|100%| O|  |TAMS 0x0000000709500000, 0x0000000709500000| Untracked 
|   2|0x0000000709600000, 0x0000000709700000, 0x0000000709700000|100%| O|  |TAMS 0x0000000709600000, 0x0000000709600000| Untracked 
|   3|0x0000000709700000, 0x0000000709800000, 0x0000000709800000|100%| O|  |TAMS 0x0000000709700000, 0x0000000709700000| Untracked 
|   4|0x0000000709800000, 0x00000007098f1800, 0x0000000709900000| 94%| O|  |TAMS 0x0000000709800000, 0x0000000709800000| Untracked 
|   5|0x0000000709900000, 0x0000000709900000, 0x0000000709a00000|  0%| F|  |TAMS 0x0000000709900000, 0x0000000709900000| Untracked 
|   6|0x0000000709a00000, 0x0000000709a00000, 0x0000000709b00000|  0%| F|  |TAMS 0x0000000709a00000, 0x0000000709a00000| Untracked 
|   7|0x0000000709b00000, 0x0000000709b00000, 0x0000000709c00000|  0%| F|  |TAMS 0x0000000709b00000, 0x0000000709b00000| Untracked 
|   8|0x0000000709c00000, 0x0000000709c00000, 0x0000000709d00000|  0%| F|  |TAMS 0x0000000709c00000, 0x0000000709c00000| Untracked 
|   9|0x0000000709d00000, 0x0000000709d00000, 0x0000000709e00000|  0%| F|  |TAMS 0x0000000709d00000, 0x0000000709d00000| Untracked 
|  10|0x0000000709e00000, 0x0000000709e00000, 0x0000000709f00000|  0%| F|  |TAMS 0x0000000709e00000, 0x0000000709e00000| Untracked 
|  11|0x0000000709f00000, 0x0000000709f00000, 0x000000070a000000|  0%| F|  |TAMS 0x0000000709f00000, 0x0000000709f00000| Untracked 
|  12|0x000000070a000000, 0x000000070a000000, 0x000000070a100000|  0%| F|  |TAMS 0x000000070a000000, 0x000000070a000000| Untracked 
|  13|0x000000070a100000, 0x000000070a100000, 0x000000070a200000|  0%| F|  |TAMS 0x000000070a100000, 0x000000070a100000| Untracked 
|  14|0x000000070a200000, 0x000000070a200000, 0x000000070a300000|  0%| F|  |TAMS 0x000000070a200000, 0x000000070a200000| Untracked 
|  15|0x000000070a300000, 0x000000070a300000, 0x000000070a400000|  0%| F|  |TAMS 0x000000070a300000, 0x000000070a300000| Untracked 
|  16|0x000000070a400000, 0x000000070a400000, 0x000000070a500000|  0%| F|  |TAMS 0x000000070a400000, 0x000000070a400000| Untracked 
|  17|0x000000070a500000, 0x000000070a500000, 0x000000070a600000|  0%| F|  |TAMS 0x000000070a500000, 0x000000070a500000| Untracked 
|  18|0x000000070a600000, 0x000000070a600000, 0x000000070a700000|  0%| F|  |TAMS 0x000000070a600000, 0x000000070a600000| Untracked 
|  19|0x000000070a700000, 0x000000070a700000, 0x000000070a800000|  0%| F|  |TAMS 0x000000070a700000, 0x000000070a700000| Untracked 
|  20|0x000000070a800000, 0x000000070a800000, 0x000000070a900000|  0%| F|  |TAMS 0x000000070a800000, 0x000000070a800000| Untracked 
|  21|0x000000070a900000, 0x000000070a900000, 0x000000070aa00000|  0%| F|  |TAMS 0x000000070a900000, 0x000000070a900000| Untracked 
|  22|0x000000070aa00000, 0x000000070aa00000, 0x000000070ab00000|  0%| F|  |TAMS 0x000000070aa00000, 0x000000070aa00000| Untracked 
|  23|0x000000070ab00000, 0x000000070ab00000, 0x000000070ac00000|  0%| F|  |TAMS 0x000000070ab00000, 0x000000070ab00000| Untracked 
|  24|0x000000070ac00000, 0x000000070ac00000, 0x000000070ad00000|  0%| F|  |TAMS 0x000000070ac00000, 0x000000070ac00000| Untracked 
|  25|0x000000070ad00000, 0x000000070ad00000, 0x000000070ae00000|  0%| F|  |TAMS 0x000000070ad00000, 0x000000070ad00000| Untracked 
|  26|0x000000070ae00000, 0x000000070ae00000, 0x000000070af00000|  0%| F|  |TAMS 0x000000070ae00000, 0x000000070ae00000| Untracked 
|  27|0x000000070af00000, 0x000000070af00000, 0x000000070b000000|  0%| F|  |TAMS 0x000000070af00000, 0x000000070af00000| Untracked 
|  28|0x000000070b000000, 0x000000070b000000, 0x000000070b100000|  0%| F|  |TAMS 0x000000070b000000, 0x000000070b000000| Untracked 
|  29|0x000000070b100000, 0x000000070b100000, 0x000000070b200000|  0%| F|  |TAMS 0x000000070b100000, 0x000000070b100000| Untracked 
|  30|0x000000070b200000, 0x000000070b200000, 0x000000070b300000|  0%| F|  |TAMS 0x000000070b200000, 0x000000070b200000| Untracked 
|  31|0x000000070b300000, 0x000000070b300000, 0x000000070b400000|  0%| F|  |TAMS 0x000000070b300000, 0x000000070b300000| Untracked 
|  32|0x000000070b400000, 0x000000070b400000, 0x000000070b500000|  0%| F|  |TAMS 0x000000070b400000, 0x000000070b400000| Untracked 
|  33|0x000000070b500000, 0x000000070b500000, 0x000000070b600000|  0%| F|  |TAMS 0x000000070b500000, 0x000000070b500000| Untracked 
|  34|0x000000070b600000, 0x000000070b600000, 0x000000070b700000|  0%| F|  |TAMS 0x000000070b600000, 0x000000070b600000| Untracked 
|  35|0x000000070b700000, 0x000000070b700000, 0x000000070b800000|  0%| F|  |TAMS 0x000000070b700000, 0x000000070b700000| Untracked 
|  36|0x000000070b800000, 0x000000070b800000, 0x000000070b900000|  0%| F|  |TAMS 0x000000070b800000, 0x000000070b800000| Untracked 
|  37|0x000000070b900000, 0x000000070b900000, 0x000000070ba00000|  0%| F|  |TAMS 0x000000070b900000, 0x000000070b900000| Untracked 
|  38|0x000000070ba00000, 0x000000070ba00000, 0x000000070bb00000|  0%| F|  |TAMS 0x000000070ba00000, 0x000000070ba00000| Untracked 
|  39|0x000000070bb00000, 0x000000070bb00000, 0x000000070bc00000|  0%| F|  |TAMS 0x000000070bb00000, 0x000000070bb00000| Untracked 
|  40|0x000000070bc00000, 0x000000070bc00000, 0x000000070bd00000|  0%| F|  |TAMS 0x000000070bc00000, 0x000000070bc00000| Untracked 
|  41|0x000000070bd00000, 0x000000070bd00000, 0x000000070be00000|  0%| F|  |TAMS 0x000000070bd00000, 0x000000070bd00000| Untracked 
|  42|0x000000070be00000, 0x000000070be00000, 0x000000070bf00000|  0%| F|  |TAMS 0x000000070be00000, 0x000000070be00000| Untracked 
|  43|0x000000070bf00000, 0x000000070bf00000, 0x000000070c000000|  0%| F|  |TAMS 0x000000070bf00000, 0x000000070bf00000| Untracked 
|  44|0x000000070c000000, 0x000000070c000000, 0x000000070c100000|  0%| F|  |TAMS 0x000000070c000000, 0x000000070c000000| Untracked 
|  45|0x000000070c100000, 0x000000070c100000, 0x000000070c200000|  0%| F|  |TAMS 0x000000070c100000, 0x000000070c100000| Untracked 
|  46|0x000000070c200000, 0x000000070c200000, 0x000000070c300000|  0%| F|  |TAMS 0x000000070c200000, 0x000000070c200000| Untracked 
|  47|0x000000070c300000, 0x000000070c300000, 0x000000070c400000|  0%| F|  |TAMS 0x000000070c300000, 0x000000070c300000| Untracked 
|  48|0x000000070c400000, 0x000000070c400000, 0x000000070c500000|  0%| F|  |TAMS 0x000000070c400000, 0x000000070c400000| Untracked 
|  49|0x000000070c500000, 0x000000070c500000, 0x000000070c600000|  0%| F|  |TAMS 0x000000070c500000, 0x000000070c500000| Untracked 
|  50|0x000000070c600000, 0x000000070c600000, 0x000000070c700000|  0%| F|  |TAMS 0x000000070c600000, 0x000000070c600000| Untracked 
|  51|0x000000070c700000, 0x000000070c700000, 0x000000070c800000|  0%| F|  |TAMS 0x000000070c700000, 0x000000070c700000| Untracked 
|  52|0x000000070c800000, 0x000000070c800000, 0x000000070c900000|  0%| F|  |TAMS 0x000000070c800000, 0x000000070c800000| Untracked 
|  53|0x000000070c900000, 0x000000070c900000, 0x000000070ca00000|  0%| F|  |TAMS 0x000000070c900000, 0x000000070c900000| Untracked 
|  54|0x000000070ca00000, 0x000000070ca00000, 0x000000070cb00000|  0%| F|  |TAMS 0x000000070ca00000, 0x000000070ca00000| Untracked 
|  55|0x000000070cb00000, 0x000000070cb00000, 0x000000070cc00000|  0%| F|  |TAMS 0x000000070cb00000, 0x000000070cb00000| Untracked 
|  56|0x000000070cc00000, 0x000000070cc00000, 0x000000070cd00000|  0%| F|  |TAMS 0x000000070cc00000, 0x000000070cc00000| Untracked 
|  57|0x000000070cd00000, 0x000000070cd00000, 0x000000070ce00000|  0%| F|  |TAMS 0x000000070cd00000, 0x000000070cd00000| Untracked 
|  58|0x000000070ce00000, 0x000000070ce00000, 0x000000070cf00000|  0%| F|  |TAMS 0x000000070ce00000, 0x000000070ce00000| Untracked 
|  59|0x000000070cf00000, 0x000000070cf00000, 0x000000070d000000|  0%| F|  |TAMS 0x000000070cf00000, 0x000000070cf00000| Untracked 
|  60|0x000000070d000000, 0x000000070d000000, 0x000000070d100000|  0%| F|  |TAMS 0x000000070d000000, 0x000000070d000000| Untracked 
|  61|0x000000070d100000, 0x000000070d100000, 0x000000070d200000|  0%| F|  |TAMS 0x000000070d100000, 0x000000070d100000| Untracked 
|  62|0x000000070d200000, 0x000000070d200000, 0x000000070d300000|  0%| F|  |TAMS 0x000000070d200000, 0x000000070d200000| Untracked 
|  63|0x000000070d300000, 0x000000070d300000, 0x000000070d400000|  0%| F|  |TAMS 0x000000070d300000, 0x000000070d300000| Untracked 
|  64|0x000000070d400000, 0x000000070d400000, 0x000000070d500000|  0%| F|  |TAMS 0x000000070d400000, 0x000000070d400000| Untracked 
|  65|0x000000070d500000, 0x000000070d500000, 0x000000070d600000|  0%| F|  |TAMS 0x000000070d500000, 0x000000070d500000| Untracked 
|  66|0x000000070d600000, 0x000000070d600000, 0x000000070d700000|  0%| F|  |TAMS 0x000000070d600000, 0x000000070d600000| Untracked 
|  67|0x000000070d700000, 0x000000070d700000, 0x000000070d800000|  0%| F|  |TAMS 0x000000070d700000, 0x000000070d700000| Untracked 
|  68|0x000000070d800000, 0x000000070d800000, 0x000000070d900000|  0%| F|  |TAMS 0x000000070d800000, 0x000000070d800000| Untracked 
|  69|0x000000070d900000, 0x000000070d900000, 0x000000070da00000|  0%| F|  |TAMS 0x000000070d900000, 0x000000070d900000| Untracked 
|  70|0x000000070da00000, 0x000000070da00000, 0x000000070db00000|  0%| F|  |TAMS 0x000000070da00000, 0x000000070da00000| Untracked 
|  71|0x000000070db00000, 0x000000070db00000, 0x000000070dc00000|  0%| F|  |TAMS 0x000000070db00000, 0x000000070db00000| Untracked 
|  72|0x000000070dc00000, 0x000000070dc00000, 0x000000070dd00000|  0%| F|  |TAMS 0x000000070dc00000, 0x000000070dc00000| Untracked 
|  73|0x000000070dd00000, 0x000000070dd00000, 0x000000070de00000|  0%| F|  |TAMS 0x000000070dd00000, 0x000000070dd00000| Untracked 
|  74|0x000000070de00000, 0x000000070de00000, 0x000000070df00000|  0%| F|  |TAMS 0x000000070de00000, 0x000000070de00000| Untracked 
|  75|0x000000070df00000, 0x000000070df00000, 0x000000070e000000|  0%| F|  |TAMS 0x000000070df00000, 0x000000070df00000| Untracked 
|  76|0x000000070e000000, 0x000000070e000000, 0x000000070e100000|  0%| F|  |TAMS 0x000000070e000000, 0x000000070e000000| Untracked 
|  77|0x000000070e100000, 0x000000070e100000, 0x000000070e200000|  0%| F|  |TAMS 0x000000070e100000, 0x000000070e100000| Untracked 
|  78|0x000000070e200000, 0x000000070e200000, 0x000000070e300000|  0%| F|  |TAMS 0x000000070e200000, 0x000000070e200000| Untracked 
|  79|0x000000070e300000, 0x000000070e300000, 0x000000070e400000|  0%| F|  |TAMS 0x000000070e300000, 0x000000070e300000| Untracked 
|  80|0x000000070e400000, 0x000000070e400000, 0x000000070e500000|  0%| F|  |TAMS 0x000000070e400000, 0x000000070e400000| Untracked 
|  81|0x000000070e500000, 0x000000070e500000, 0x000000070e600000|  0%| F|  |TAMS 0x000000070e500000, 0x000000070e500000| Untracked 
|  82|0x000000070e600000, 0x000000070e600000, 0x000000070e700000|  0%| F|  |TAMS 0x000000070e600000, 0x000000070e600000| Untracked 
|  83|0x000000070e700000, 0x000000070e700000, 0x000000070e800000|  0%| F|  |TAMS 0x000000070e700000, 0x000000070e700000| Untracked 
|  84|0x000000070e800000, 0x000000070e800000, 0x000000070e900000|  0%| F|  |TAMS 0x000000070e800000, 0x000000070e800000| Untracked 
|  85|0x000000070e900000, 0x000000070e900000, 0x000000070ea00000|  0%| F|  |TAMS 0x000000070e900000, 0x000000070e900000| Untracked 
|  86|0x000000070ea00000, 0x000000070ea00000, 0x000000070eb00000|  0%| F|  |TAMS 0x000000070ea00000, 0x000000070ea00000| Untracked 
|  87|0x000000070eb00000, 0x000000070eb00000, 0x000000070ec00000|  0%| F|  |TAMS 0x000000070eb00000, 0x000000070eb00000| Untracked 
|  88|0x000000070ec00000, 0x000000070ec00000, 0x000000070ed00000|  0%| F|  |TAMS 0x000000070ec00000, 0x000000070ec00000| Untracked 
|  89|0x000000070ed00000, 0x000000070ed00000, 0x000000070ee00000|  0%| F|  |TAMS 0x000000070ed00000, 0x000000070ed00000| Untracked 
|  90|0x000000070ee00000, 0x000000070ee00000, 0x000000070ef00000|  0%| F|  |TAMS 0x000000070ee00000, 0x000000070ee00000| Untracked 
|  91|0x000000070ef00000, 0x000000070ef00000, 0x000000070f000000|  0%| F|  |TAMS 0x000000070ef00000, 0x000000070ef00000| Untracked 
|  92|0x000000070f000000, 0x000000070f000000, 0x000000070f100000|  0%| F|  |TAMS 0x000000070f000000, 0x000000070f000000| Untracked 
|  93|0x000000070f100000, 0x000000070f100000, 0x000000070f200000|  0%| F|  |TAMS 0x000000070f100000, 0x000000070f100000| Untracked 
|  94|0x000000070f200000, 0x000000070f200000, 0x000000070f300000|  0%| F|  |TAMS 0x000000070f200000, 0x000000070f200000| Untracked 
|  95|0x000000070f300000, 0x000000070f300000, 0x000000070f400000|  0%| F|  |TAMS 0x000000070f300000, 0x000000070f300000| Untracked 
|  96|0x000000070f400000, 0x000000070f400000, 0x000000070f500000|  0%| F|  |TAMS 0x000000070f400000, 0x000000070f400000| Untracked 
|  97|0x000000070f500000, 0x000000070f500000, 0x000000070f600000|  0%| F|  |TAMS 0x000000070f500000, 0x000000070f500000| Untracked 
|  98|0x000000070f600000, 0x000000070f600000, 0x000000070f700000|  0%| F|  |TAMS 0x000000070f600000, 0x000000070f600000| Untracked 
|  99|0x000000070f700000, 0x000000070f700000, 0x000000070f800000|  0%| F|  |TAMS 0x000000070f700000, 0x000000070f700000| Untracked 
| 100|0x000000070f800000, 0x000000070f800000, 0x000000070f900000|  0%| F|  |TAMS 0x000000070f800000, 0x000000070f800000| Untracked 
| 101|0x000000070f900000, 0x000000070f900000, 0x000000070fa00000|  0%| F|  |TAMS 0x000000070f900000, 0x000000070f900000| Untracked 
| 102|0x000000070fa00000, 0x000000070fa00000, 0x000000070fb00000|  0%| F|  |TAMS 0x000000070fa00000, 0x000000070fa00000| Untracked 
| 103|0x000000070fb00000, 0x000000070fb00000, 0x000000070fc00000|  0%| F|  |TAMS 0x000000070fb00000, 0x000000070fb00000| Untracked 
| 104|0x000000070fc00000, 0x000000070fc00000, 0x000000070fd00000|  0%| F|  |TAMS 0x000000070fc00000, 0x000000070fc00000| Untracked 
| 105|0x000000070fd00000, 0x000000070fd00000, 0x000000070fe00000|  0%| F|  |TAMS 0x000000070fd00000, 0x000000070fd00000| Untracked 
| 106|0x000000070fe00000, 0x000000070fe00000, 0x000000070ff00000|  0%| F|  |TAMS 0x000000070fe00000, 0x000000070fe00000| Untracked 
| 107|0x000000070ff00000, 0x000000070ff00000, 0x0000000710000000|  0%| F|  |TAMS 0x000000070ff00000, 0x000000070ff00000| Untracked 
| 108|0x0000000710000000, 0x0000000710000000, 0x0000000710100000|  0%| F|  |TAMS 0x0000000710000000, 0x0000000710000000| Untracked 
| 109|0x0000000710100000, 0x0000000710100000, 0x0000000710200000|  0%| F|  |TAMS 0x0000000710100000, 0x0000000710100000| Untracked 
| 110|0x0000000710200000, 0x0000000710200000, 0x0000000710300000|  0%| F|  |TAMS 0x0000000710200000, 0x0000000710200000| Untracked 
| 111|0x0000000710300000, 0x0000000710300000, 0x0000000710400000|  0%| F|  |TAMS 0x0000000710300000, 0x0000000710300000| Untracked 
| 112|0x0000000710400000, 0x0000000710400000, 0x0000000710500000|  0%| F|  |TAMS 0x0000000710400000, 0x0000000710400000| Untracked 
| 113|0x0000000710500000, 0x0000000710500000, 0x0000000710600000|  0%| F|  |TAMS 0x0000000710500000, 0x0000000710500000| Untracked 
| 114|0x0000000710600000, 0x0000000710600000, 0x0000000710700000|  0%| F|  |TAMS 0x0000000710600000, 0x0000000710600000| Untracked 
| 115|0x0000000710700000, 0x0000000710700000, 0x0000000710800000|  0%| F|  |TAMS 0x0000000710700000, 0x0000000710700000| Untracked 
| 116|0x0000000710800000, 0x0000000710800000, 0x0000000710900000|  0%| F|  |TAMS 0x0000000710800000, 0x0000000710800000| Untracked 
| 117|0x0000000710900000, 0x0000000710900000, 0x0000000710a00000|  0%| F|  |TAMS 0x0000000710900000, 0x0000000710900000| Untracked 
| 118|0x0000000710a00000, 0x0000000710a00000, 0x0000000710b00000|  0%| F|  |TAMS 0x0000000710a00000, 0x0000000710a00000| Untracked 
| 119|0x0000000710b00000, 0x0000000710b00000, 0x0000000710c00000|  0%| F|  |TAMS 0x0000000710b00000, 0x0000000710b00000| Untracked 
| 120|0x0000000710c00000, 0x0000000710c00000, 0x0000000710d00000|  0%| F|  |TAMS 0x0000000710c00000, 0x0000000710c00000| Untracked 
| 121|0x0000000710d00000, 0x0000000710d00000, 0x0000000710e00000|  0%| F|  |TAMS 0x0000000710d00000, 0x0000000710d00000| Untracked 
| 122|0x0000000710e00000, 0x0000000710e00000, 0x0000000710f00000|  0%| F|  |TAMS 0x0000000710e00000, 0x0000000710e00000| Untracked 
| 123|0x0000000710f00000, 0x0000000710f00000, 0x0000000711000000|  0%| F|  |TAMS 0x0000000710f00000, 0x0000000710f00000| Untracked 
| 124|0x0000000711000000, 0x0000000711000000, 0x0000000711100000|  0%| F|  |TAMS 0x0000000711000000, 0x0000000711000000| Untracked 
| 125|0x0000000711100000, 0x0000000711100000, 0x0000000711200000|  0%| F|  |TAMS 0x0000000711100000, 0x0000000711100000| Untracked 
| 126|0x0000000711200000, 0x0000000711200000, 0x0000000711300000|  0%| F|  |TAMS 0x0000000711200000, 0x0000000711200000| Untracked 
| 127|0x0000000711300000, 0x0000000711300000, 0x0000000711400000|  0%| F|  |TAMS 0x0000000711300000, 0x0000000711300000| Untracked 
| 128|0x0000000711400000, 0x0000000711400000, 0x0000000711500000|  0%| F|  |TAMS 0x0000000711400000, 0x0000000711400000| Untracked 
| 129|0x0000000711500000, 0x0000000711500000, 0x0000000711600000|  0%| F|  |TAMS 0x0000000711500000, 0x0000000711500000| Untracked 
| 130|0x0000000711600000, 0x0000000711600000, 0x0000000711700000|  0%| F|  |TAMS 0x0000000711600000, 0x0000000711600000| Untracked 
| 131|0x0000000711700000, 0x0000000711700000, 0x0000000711800000|  0%| F|  |TAMS 0x0000000711700000, 0x0000000711700000| Untracked 
| 132|0x0000000711800000, 0x0000000711800000, 0x0000000711900000|  0%| F|  |TAMS 0x0000000711800000, 0x0000000711800000| Untracked 
| 133|0x0000000711900000, 0x0000000711900000, 0x0000000711a00000|  0%| F|  |TAMS 0x0000000711900000, 0x0000000711900000| Untracked 
| 134|0x0000000711a00000, 0x0000000711a00000, 0x0000000711b00000|  0%| F|  |TAMS 0x0000000711a00000, 0x0000000711a00000| Untracked 
| 135|0x0000000711b00000, 0x0000000711b00000, 0x0000000711c00000|  0%| F|  |TAMS 0x0000000711b00000, 0x0000000711b00000| Untracked 
| 136|0x0000000711c00000, 0x0000000711c00000, 0x0000000711d00000|  0%| F|  |TAMS 0x0000000711c00000, 0x0000000711c00000| Untracked 
| 137|0x0000000711d00000, 0x0000000711d00000, 0x0000000711e00000|  0%| F|  |TAMS 0x0000000711d00000, 0x0000000711d00000| Untracked 
| 138|0x0000000711e00000, 0x0000000711e00000, 0x0000000711f00000|  0%| F|  |TAMS 0x0000000711e00000, 0x0000000711e00000| Untracked 
| 139|0x0000000711f00000, 0x0000000711f00000, 0x0000000712000000|  0%| F|  |TAMS 0x0000000711f00000, 0x0000000711f00000| Untracked 
| 140|0x0000000712000000, 0x0000000712000000, 0x0000000712100000|  0%| F|  |TAMS 0x0000000712000000, 0x0000000712000000| Untracked 
| 141|0x0000000712100000, 0x0000000712100000, 0x0000000712200000|  0%| F|  |TAMS 0x0000000712100000, 0x0000000712100000| Untracked 
| 142|0x0000000712200000, 0x0000000712200000, 0x0000000712300000|  0%| F|  |TAMS 0x0000000712200000, 0x0000000712200000| Untracked 
| 143|0x0000000712300000, 0x0000000712300000, 0x0000000712400000|  0%| F|  |TAMS 0x0000000712300000, 0x0000000712300000| Untracked 
| 144|0x0000000712400000, 0x0000000712480800, 0x0000000712500000| 50%| E|  |TAMS 0x0000000712400000, 0x0000000712400000| Complete 
| 145|0x0000000712500000, 0x0000000712600000, 0x0000000712600000|100%| E|CS|TAMS 0x0000000712500000, 0x0000000712500000| Complete 
| 146|0x0000000712600000, 0x0000000712700000, 0x0000000712700000|100%| E|CS|TAMS 0x0000000712600000, 0x0000000712600000| Complete 
| 147|0x0000000712700000, 0x0000000712800000, 0x0000000712800000|100%| E|CS|TAMS 0x0000000712700000, 0x0000000712700000| Complete 
| 148|0x0000000712800000, 0x0000000712900000, 0x0000000712900000|100%| E|CS|TAMS 0x0000000712800000, 0x0000000712800000| Complete 
| 149|0x0000000712900000, 0x0000000712a00000, 0x0000000712a00000|100%| E|CS|TAMS 0x0000000712900000, 0x0000000712900000| Complete 
| 150|0x0000000712a00000, 0x0000000712b00000, 0x0000000712b00000|100%| E|CS|TAMS 0x0000000712a00000, 0x0000000712a00000| Complete 
| 151|0x0000000712b00000, 0x0000000712c00000, 0x0000000712c00000|100%| E|CS|TAMS 0x0000000712b00000, 0x0000000712b00000| Complete 
| 152|0x0000000712c00000, 0x0000000712d00000, 0x0000000712d00000|100%| E|CS|TAMS 0x0000000712c00000, 0x0000000712c00000| Complete 
| 153|0x0000000712d00000, 0x0000000712e00000, 0x0000000712e00000|100%| E|CS|TAMS 0x0000000712d00000, 0x0000000712d00000| Complete 
| 154|0x0000000712e00000, 0x0000000712f00000, 0x0000000712f00000|100%| E|CS|TAMS 0x0000000712e00000, 0x0000000712e00000| Complete 
| 155|0x0000000712f00000, 0x0000000713000000, 0x0000000713000000|100%| E|CS|TAMS 0x0000000712f00000, 0x0000000712f00000| Complete 
| 156|0x0000000713000000, 0x0000000713100000, 0x0000000713100000|100%| E|CS|TAMS 0x0000000713000000, 0x0000000713000000| Complete 
| 157|0x0000000713100000, 0x0000000713200000, 0x0000000713200000|100%| E|CS|TAMS 0x0000000713100000, 0x0000000713100000| Complete 
| 158|0x0000000713200000, 0x0000000713300000, 0x0000000713300000|100%| E|CS|TAMS 0x0000000713200000, 0x0000000713200000| Complete 
| 159|0x0000000713300000, 0x0000000713400000, 0x0000000713400000|100%| E|CS|TAMS 0x0000000713300000, 0x0000000713300000| Complete 
| 160|0x0000000713400000, 0x0000000713500000, 0x0000000713500000|100%| E|CS|TAMS 0x0000000713400000, 0x0000000713400000| Complete 
| 161|0x0000000713500000, 0x0000000713600000, 0x0000000713600000|100%| E|CS|TAMS 0x0000000713500000, 0x0000000713500000| Complete 
| 162|0x0000000713600000, 0x0000000713700000, 0x0000000713700000|100%| E|CS|TAMS 0x0000000713600000, 0x0000000713600000| Complete 
| 163|0x0000000713700000, 0x0000000713800000, 0x0000000713800000|100%| E|CS|TAMS 0x0000000713700000, 0x0000000713700000| Complete 
| 164|0x0000000713800000, 0x0000000713900000, 0x0000000713900000|100%| E|CS|TAMS 0x0000000713800000, 0x0000000713800000| Complete 
| 165|0x0000000713900000, 0x0000000713a00000, 0x0000000713a00000|100%| E|CS|TAMS 0x0000000713900000, 0x0000000713900000| Complete 
| 166|0x0000000713a00000, 0x0000000713b00000, 0x0000000713b00000|100%| E|CS|TAMS 0x0000000713a00000, 0x0000000713a00000| Complete 
| 167|0x0000000713b00000, 0x0000000713c00000, 0x0000000713c00000|100%| E|CS|TAMS 0x0000000713b00000, 0x0000000713b00000| Complete 
| 168|0x0000000713c00000, 0x0000000713d00000, 0x0000000713d00000|100%| E|CS|TAMS 0x0000000713c00000, 0x0000000713c00000| Complete 
| 169|0x0000000713d00000, 0x0000000713e00000, 0x0000000713e00000|100%| E|CS|TAMS 0x0000000713d00000, 0x0000000713d00000| Complete 
| 170|0x0000000713e00000, 0x0000000713f00000, 0x0000000713f00000|100%| E|CS|TAMS 0x0000000713e00000, 0x0000000713e00000| Complete 
| 171|0x0000000713f00000, 0x0000000714000000, 0x0000000714000000|100%| E|CS|TAMS 0x0000000713f00000, 0x0000000713f00000| Complete 
| 172|0x0000000714000000, 0x0000000714100000, 0x0000000714100000|100%| E|CS|TAMS 0x0000000714000000, 0x0000000714000000| Complete 
| 173|0x0000000714100000, 0x0000000714200000, 0x0000000714200000|100%| E|CS|TAMS 0x0000000714100000, 0x0000000714100000| Complete 
| 174|0x0000000714200000, 0x0000000714300000, 0x0000000714300000|100%| E|CS|TAMS 0x0000000714200000, 0x0000000714200000| Complete 
| 175|0x0000000714300000, 0x0000000714400000, 0x0000000714400000|100%| E|CS|TAMS 0x0000000714300000, 0x0000000714300000| Complete 
| 176|0x0000000714400000, 0x0000000714500000, 0x0000000714500000|100%| E|CS|TAMS 0x0000000714400000, 0x0000000714400000| Complete 
| 177|0x0000000714500000, 0x0000000714600000, 0x0000000714600000|100%| E|CS|TAMS 0x0000000714500000, 0x0000000714500000| Complete 
| 178|0x0000000714600000, 0x0000000714700000, 0x0000000714700000|100%| E|CS|TAMS 0x0000000714600000, 0x0000000714600000| Complete 
| 179|0x0000000714700000, 0x0000000714800000, 0x0000000714800000|100%| E|CS|TAMS 0x0000000714700000, 0x0000000714700000| Complete 
| 180|0x0000000714800000, 0x0000000714900000, 0x0000000714900000|100%| E|CS|TAMS 0x0000000714800000, 0x0000000714800000| Complete 
| 181|0x0000000714900000, 0x0000000714a00000, 0x0000000714a00000|100%| E|CS|TAMS 0x0000000714900000, 0x0000000714900000| Complete 
| 182|0x0000000714a00000, 0x0000000714b00000, 0x0000000714b00000|100%| E|CS|TAMS 0x0000000714a00000, 0x0000000714a00000| Complete 
| 183|0x0000000714b00000, 0x0000000714c00000, 0x0000000714c00000|100%| E|CS|TAMS 0x0000000714b00000, 0x0000000714b00000| Complete 
| 184|0x0000000714c00000, 0x0000000714d00000, 0x0000000714d00000|100%| E|CS|TAMS 0x0000000714c00000, 0x0000000714c00000| Complete 
| 185|0x0000000714d00000, 0x0000000714e00000, 0x0000000714e00000|100%| E|CS|TAMS 0x0000000714d00000, 0x0000000714d00000| Complete 
| 186|0x0000000714e00000, 0x0000000714f00000, 0x0000000714f00000|100%| E|CS|TAMS 0x0000000714e00000, 0x0000000714e00000| Complete 
| 187|0x0000000714f00000, 0x0000000715000000, 0x0000000715000000|100%| E|CS|TAMS 0x0000000714f00000, 0x0000000714f00000| Complete 
| 188|0x0000000715000000, 0x0000000715100000, 0x0000000715100000|100%| E|CS|TAMS 0x0000000715000000, 0x0000000715000000| Complete 
| 189|0x0000000715100000, 0x0000000715200000, 0x0000000715200000|100%| E|CS|TAMS 0x0000000715100000, 0x0000000715100000| Complete 
| 190|0x0000000715200000, 0x0000000715300000, 0x0000000715300000|100%| E|CS|TAMS 0x0000000715200000, 0x0000000715200000| Complete 
| 191|0x0000000715300000, 0x0000000715400000, 0x0000000715400000|100%| E|CS|TAMS 0x0000000715300000, 0x0000000715300000| Complete 
| 192|0x0000000715400000, 0x0000000715500000, 0x0000000715500000|100%| E|CS|TAMS 0x0000000715400000, 0x0000000715400000| Complete 
| 193|0x0000000715500000, 0x0000000715600000, 0x0000000715600000|100%| E|CS|TAMS 0x0000000715500000, 0x0000000715500000| Complete 
| 194|0x0000000715600000, 0x0000000715700000, 0x0000000715700000|100%| E|CS|TAMS 0x0000000715600000, 0x0000000715600000| Complete 
| 195|0x0000000715700000, 0x0000000715800000, 0x0000000715800000|100%| E|CS|TAMS 0x0000000715700000, 0x0000000715700000| Complete 
| 196|0x0000000715800000, 0x0000000715900000, 0x0000000715900000|100%| E|CS|TAMS 0x0000000715800000, 0x0000000715800000| Complete 
| 197|0x0000000715900000, 0x0000000715a00000, 0x0000000715a00000|100%| E|CS|TAMS 0x0000000715900000, 0x0000000715900000| Complete 
| 198|0x0000000715a00000, 0x0000000715b00000, 0x0000000715b00000|100%| E|CS|TAMS 0x0000000715a00000, 0x0000000715a00000| Complete 
| 199|0x0000000715b00000, 0x0000000715c00000, 0x0000000715c00000|100%| E|CS|TAMS 0x0000000715b00000, 0x0000000715b00000| Complete 
| 200|0x0000000715c00000, 0x0000000715d00000, 0x0000000715d00000|100%| E|CS|TAMS 0x0000000715c00000, 0x0000000715c00000| Complete 
| 201|0x0000000715d00000, 0x0000000715e00000, 0x0000000715e00000|100%| E|CS|TAMS 0x0000000715d00000, 0x0000000715d00000| Complete 
| 202|0x0000000715e00000, 0x0000000715f00000, 0x0000000715f00000|100%| E|CS|TAMS 0x0000000715e00000, 0x0000000715e00000| Complete 
| 203|0x0000000715f00000, 0x0000000716000000, 0x0000000716000000|100%| E|CS|TAMS 0x0000000715f00000, 0x0000000715f00000| Complete 
| 204|0x0000000716000000, 0x0000000716100000, 0x0000000716100000|100%| E|CS|TAMS 0x0000000716000000, 0x0000000716000000| Complete 
| 205|0x0000000716100000, 0x0000000716200000, 0x0000000716200000|100%| E|CS|TAMS 0x0000000716100000, 0x0000000716100000| Complete 
| 206|0x0000000716200000, 0x0000000716300000, 0x0000000716300000|100%| E|CS|TAMS 0x0000000716200000, 0x0000000716200000| Complete 
| 207|0x0000000716300000, 0x0000000716400000, 0x0000000716400000|100%| E|CS|TAMS 0x0000000716300000, 0x0000000716300000| Complete 
| 208|0x0000000716400000, 0x0000000716500000, 0x0000000716500000|100%| E|CS|TAMS 0x0000000716400000, 0x0000000716400000| Complete 
| 209|0x0000000716500000, 0x0000000716600000, 0x0000000716600000|100%| E|CS|TAMS 0x0000000716500000, 0x0000000716500000| Complete 
| 210|0x0000000716600000, 0x0000000716700000, 0x0000000716700000|100%| E|CS|TAMS 0x0000000716600000, 0x0000000716600000| Complete 
| 211|0x0000000716700000, 0x0000000716800000, 0x0000000716800000|100%| E|CS|TAMS 0x0000000716700000, 0x0000000716700000| Complete 
| 212|0x0000000716800000, 0x0000000716900000, 0x0000000716900000|100%| E|CS|TAMS 0x0000000716800000, 0x0000000716800000| Complete 
| 213|0x0000000716900000, 0x0000000716a00000, 0x0000000716a00000|100%| E|CS|TAMS 0x0000000716900000, 0x0000000716900000| Complete 
| 214|0x0000000716a00000, 0x0000000716b00000, 0x0000000716b00000|100%| E|CS|TAMS 0x0000000716a00000, 0x0000000716a00000| Complete 
| 215|0x0000000716b00000, 0x0000000716c00000, 0x0000000716c00000|100%| E|CS|TAMS 0x0000000716b00000, 0x0000000716b00000| Complete 
| 216|0x0000000716c00000, 0x0000000716d00000, 0x0000000716d00000|100%| E|CS|TAMS 0x0000000716c00000, 0x0000000716c00000| Complete 
| 217|0x0000000716d00000, 0x0000000716e00000, 0x0000000716e00000|100%| E|CS|TAMS 0x0000000716d00000, 0x0000000716d00000| Complete 
| 218|0x0000000716e00000, 0x0000000716f00000, 0x0000000716f00000|100%| E|CS|TAMS 0x0000000716e00000, 0x0000000716e00000| Complete 
| 219|0x0000000716f00000, 0x0000000717000000, 0x0000000717000000|100%| E|CS|TAMS 0x0000000716f00000, 0x0000000716f00000| Complete 
| 220|0x0000000717000000, 0x0000000717100000, 0x0000000717100000|100%| E|CS|TAMS 0x0000000717000000, 0x0000000717000000| Complete 
| 221|0x0000000717100000, 0x0000000717200000, 0x0000000717200000|100%| S|CS|TAMS 0x0000000717100000, 0x0000000717100000| Complete 
| 222|0x0000000717200000, 0x0000000717300000, 0x0000000717300000|100%| S|CS|TAMS 0x0000000717200000, 0x0000000717200000| Complete 
| 223|0x0000000717300000, 0x0000000717400000, 0x0000000717400000|100%| S|CS|TAMS 0x0000000717300000, 0x0000000717300000| Complete 
| 224|0x0000000717400000, 0x0000000717500000, 0x0000000717500000|100%| E|CS|TAMS 0x0000000717400000, 0x0000000717400000| Complete 
| 225|0x0000000717500000, 0x0000000717600000, 0x0000000717600000|100%| E|CS|TAMS 0x0000000717500000, 0x0000000717500000| Complete 
| 226|0x0000000717600000, 0x0000000717700000, 0x0000000717700000|100%| E|CS|TAMS 0x0000000717600000, 0x0000000717600000| Complete 
| 227|0x0000000717700000, 0x0000000717800000, 0x0000000717800000|100%| E|CS|TAMS 0x0000000717700000, 0x0000000717700000| Complete 
| 228|0x0000000717800000, 0x0000000717900000, 0x0000000717900000|100%| E|CS|TAMS 0x0000000717800000, 0x0000000717800000| Complete 
| 229|0x0000000717900000, 0x0000000717a00000, 0x0000000717a00000|100%| E|CS|TAMS 0x0000000717900000, 0x0000000717900000| Complete 
| 230|0x0000000717a00000, 0x0000000717b00000, 0x0000000717b00000|100%| E|CS|TAMS 0x0000000717a00000, 0x0000000717a00000| Complete 
| 231|0x0000000717b00000, 0x0000000717c00000, 0x0000000717c00000|100%| E|CS|TAMS 0x0000000717b00000, 0x0000000717b00000| Complete 
| 232|0x0000000717c00000, 0x0000000717d00000, 0x0000000717d00000|100%| E|CS|TAMS 0x0000000717c00000, 0x0000000717c00000| Complete 
| 233|0x0000000717d00000, 0x0000000717e00000, 0x0000000717e00000|100%| E|CS|TAMS 0x0000000717d00000, 0x0000000717d00000| Complete 
| 234|0x0000000717e00000, 0x0000000717f00000, 0x0000000717f00000|100%| E|CS|TAMS 0x0000000717e00000, 0x0000000717e00000| Complete 
| 235|0x0000000717f00000, 0x0000000718000000, 0x0000000718000000|100%| E|CS|TAMS 0x0000000717f00000, 0x0000000717f00000| Complete 
| 236|0x0000000718000000, 0x0000000718100000, 0x0000000718100000|100%| E|CS|TAMS 0x0000000718000000, 0x0000000718000000| Complete 
| 237|0x0000000718100000, 0x0000000718200000, 0x0000000718200000|100%| E|CS|TAMS 0x0000000718100000, 0x0000000718100000| Complete 
| 238|0x0000000718200000, 0x0000000718300000, 0x0000000718300000|100%| E|CS|TAMS 0x0000000718200000, 0x0000000718200000| Complete 
| 239|0x0000000718300000, 0x0000000718400000, 0x0000000718400000|100%| E|CS|TAMS 0x0000000718300000, 0x0000000718300000| Complete 
| 240|0x0000000718400000, 0x0000000718500000, 0x0000000718500000|100%| E|CS|TAMS 0x0000000718400000, 0x0000000718400000| Complete 
| 241|0x0000000718500000, 0x0000000718600000, 0x0000000718600000|100%| E|CS|TAMS 0x0000000718500000, 0x0000000718500000| Complete 
| 242|0x0000000718600000, 0x0000000718700000, 0x0000000718700000|100%| E|CS|TAMS 0x0000000718600000, 0x0000000718600000| Complete 
| 243|0x0000000718700000, 0x0000000718800000, 0x0000000718800000|100%| E|CS|TAMS 0x0000000718700000, 0x0000000718700000| Complete 
| 244|0x0000000718800000, 0x0000000718900000, 0x0000000718900000|100%| E|CS|TAMS 0x0000000718800000, 0x0000000718800000| Complete 
| 245|0x0000000718900000, 0x0000000718a00000, 0x0000000718a00000|100%| E|CS|TAMS 0x0000000718900000, 0x0000000718900000| Complete 
| 246|0x0000000718a00000, 0x0000000718b00000, 0x0000000718b00000|100%| E|CS|TAMS 0x0000000718a00000, 0x0000000718a00000| Complete 
| 247|0x0000000718b00000, 0x0000000718c00000, 0x0000000718c00000|100%| E|CS|TAMS 0x0000000718b00000, 0x0000000718b00000| Complete 

Card table byte_map: [0x00007f973f61c000,0x00007f973fdd2000] _byte_map_base: 0x00007f973bdd2000

Marking Bits (Prev, Next): (CMBitMap*) 0x00007f975808ca28, (CMBitMap*) 0x00007f975808ca68
 Prev Bits: [0x00007f973b0b6000, 0x00007f973ee66000)
 Next Bits: [0x00007f9737306000, 0x00007f973b0b6000)

Polling page: 0x00007f975eb89000

Metaspace:

Usage:
  Non-class:     17,82 MB capacity,    17,48 MB ( 98%) used,   278,33 KB (  2%) free+waste,    61,56 KB ( <1%) overhead. 
      Class:      2,79 MB capacity,     2,58 MB ( 92%) used,   189,12 KB (  7%) free+waste,    30,31 KB (  1%) overhead. 
       Both:     20,61 MB capacity,    20,07 MB ( 97%) used,   467,45 KB (  2%) free+waste,    91,88 KB ( <1%) overhead. 

Virtual space:
  Non-class space:       18,00 MB reserved,      17,92 MB (>99%) committed 
      Class space:        1,00 GB reserved,       2,88 MB ( <1%) committed 
             Both:        1,02 GB reserved,      20,80 MB (  2%) committed 

Chunk freelists:
   Non-Class:  60,00 KB
       Class:  18,00 KB
        Both:  78,00 KB

MaxMetaspaceSize: unlimited
CompressedClassSpaceSize: 1,00 GB

CodeHeap 'non-profiled nmethods': size=120028Kb used=820Kb max_used=820Kb free=119207Kb
 bounds [0x00007f9748253000, 0x00007f97484c3000, 0x00007f974f78a000]
CodeHeap 'profiled nmethods': size=120028Kb used=3628Kb max_used=3628Kb free=116399Kb
 bounds [0x00007f9740d1c000, 0x00007f97410ac000, 0x00007f9748253000]
CodeHeap 'non-nmethods': size=5704Kb used=1271Kb max_used=1301Kb free=4432Kb
 bounds [0x00007f974078a000, 0x00007f97409fa000, 0x00007f9740d1c000]
 total_blobs=2411 nmethods=1960 adapters=372
 compilation: enabled
              stopped_count=0, restarted_count=0
 full_count=0

Compilation events (20 events):
Event: 1,162 Thread 0x00007f975829c000 1952       3       java.util.Arrays::equals (43 bytes)
Event: 1,162 Thread 0x00007f975829c000 nmethod 1952 0x00007f974109e390 code [0x00007f974109e540, 0x00007f974109e7e0]
Event: 1,162 Thread 0x00007f975829c000 1953       3       java.lang.invoke.LambdaFormEditor$Transform::<init> (17 bytes)
Event: 1,162 Thread 0x00007f975829c000 nmethod 1953 0x00007f974109e910 code [0x00007f974109eac0, 0x00007f974109eeb0]
Event: 1,162 Thread 0x00007f975829c000 1954       3       java.lang.reflect.Modifier::isPrivate (12 bytes)
Event: 1,162 Thread 0x00007f975829c000 nmethod 1954 0x00007f974109f010 code [0x00007f974109f1a0, 0x00007f974109f2d0]
Event: 1,163 Thread 0x00007f975829c000 1955       3       java.util.zip.ZipEntry::setExtra0 (493 bytes)
Event: 1,163 Thread 0x00007f96f0085000 1956       4       java.io.File::exists (43 bytes)
Event: 1,164 Thread 0x00007f975829c000 nmethod 1955 0x00007f974109f390 code [0x00007f974109f9a0, 0x00007f97410a4100]
Event: 1,165 Thread 0x00007f975829c000 1957       3       java.lang.invoke.ClassSpecializer$SpeciesData::fieldCount (10 bytes)
Event: 1,165 Thread 0x00007f975829c000 nmethod 1957 0x00007f97410a5a90 code [0x00007f97410a5c20, 0x00007f97410a5de0]
Event: 1,165 Thread 0x00007f975829c000 1961       3       java.lang.invoke.MethodHandleNatives::refKindHasReceiver (33 bytes)
Event: 1,165 Thread 0x00007f975829c000 nmethod 1961 0x00007f97410a5e90 code [0x00007f97410a6020, 0x00007f97410a6170]
Event: 1,165 Thread 0x00007f975829c000 1960       3       sun.invoke.util.VerifyType::isNullType (18 bytes)
Event: 1,165 Thread 0x00007f975829c000 nmethod 1960 0x00007f97410a6210 code [0x00007f97410a63a0, 0x00007f97410a6530]
Event: 1,165 Thread 0x00007f975829c000 1958       3       java.lang.invoke.LambdaForm::editor (5 bytes)
Event: 1,165 Thread 0x00007f975829c000 nmethod 1958 0x00007f97410a6590 code [0x00007f97410a6740, 0x00007f97410a6a60]
Event: 1,165 Thread 0x00007f975829c000 1959       3       java.lang.invoke.LambdaFormEditor::lambdaFormEditor (12 bytes)
Event: 1,166 Thread 0x00007f975829c000 nmethod 1959 0x00007f97410a6b90 code [0x00007f97410a6d40, 0x00007f97410a7000]
Event: 1,167 Thread 0x00007f9704273000 nmethod 1930 0x00007f974831df90 code [0x00007f974831e1e0, 0x00007f974831f550]

GC Heap History (2 events):
Event: 0,353 GC heap before
{Heap before GC invocations=0 (full 0):
 garbage-first heap   total 253952K, used 24576K [0x0000000709400000, 0x0000000800000000)
  region size 1024K, 24 young (24576K), 0 survivors (0K)
 Metaspace       used 10099K, capacity 10393K, committed 10624K, reserved 1058816K
  class space    used 958K, capacity 1060K, committed 1152K, reserved 1048576K
}
Event: 0,364 GC heap after
{Heap after GC invocations=1 (full 0):
 garbage-first heap   total 253952K, used 8134K [0x0000000709400000, 0x0000000800000000)
  region size 1024K, 3 young (3072K), 3 survivors (3072K)
 Metaspace       used 10099K, capacity 10393K, committed 10624K, reserved 1058816K
  class space    used 958K, capacity 1060K, committed 1152K, reserved 1048576K
}

Deoptimization events (20 events):
Event: 1,021 Thread 0x00007f9758024000 DEOPT PACKING pc=0x00007f97482c952c sp=0x00007f975d1f9580
Event: 1,021 Thread 0x00007f9758024000 DEOPT UNPACKING pc=0x00007f9740791f25 sp=0x00007f975d1f9508 mode 2
Event: 1,031 Thread 0x00007f9758024000 Uncommon trap: trap_request=0xffffff45 fr.pc=0x00007f97482d9b74 relative=0x0000000000002934
Event: 1,031 Thread 0x00007f9758024000 Uncommon trap: reason=unstable_if action=reinterpret pc=0x00007f97482d9b74 method=jdk.internal.loader.URLClassPath.getResource(Ljava/lang/String;Z)Ljdk/internal/loader/Resource; @ 47 c2
Event: 1,031 Thread 0x00007f9758024000 DEOPT PACKING pc=0x00007f97482d9b74 sp=0x00007f975d1f87e0
Event: 1,031 Thread 0x00007f9758024000 DEOPT UNPACKING pc=0x00007f9740791f25 sp=0x00007f975d1f8870 mode 2
Event: 1,031 Thread 0x00007f9758024000 DEOPT PACKING pc=0x00007f9740e4ab84 sp=0x00007f975d1f8ba0
Event: 1,031 Thread 0x00007f9758024000 DEOPT UNPACKING pc=0x00007f97407d20ca sp=0x00007f975d1f8070 mode 1
Event: 1,036 Thread 0x00007f9758024000 DEOPT PACKING pc=0x00007f9740e4ab84 sp=0x00007f975d1f9320
Event: 1,036 Thread 0x00007f9758024000 DEOPT UNPACKING pc=0x00007f97407d20ca sp=0x00007f975d1f87d8 mode 1
Event: 1,036 Thread 0x00007f9758024000 DEOPT PACKING pc=0x00007f9740e4a0bc sp=0x00007f975d1f93f0
Event: 1,036 Thread 0x00007f9758024000 DEOPT UNPACKING pc=0x00007f97407d20ca sp=0x00007f975d1f88c8 mode 1
Event: 1,036 Thread 0x00007f9758024000 DEOPT PACKING pc=0x00007f9740ffbfec sp=0x00007f975d1f9b60
Event: 1,036 Thread 0x00007f9758024000 DEOPT UNPACKING pc=0x00007f97407d20ca sp=0x00007f975d1f9050 mode 1
Event: 1,043 Thread 0x00007f9758024000 DEOPT PACKING pc=0x00007f9741009067 sp=0x00007f975d1f6380
Event: 1,043 Thread 0x00007f9758024000 DEOPT UNPACKING pc=0x00007f97407d20ca sp=0x00007f975d1f5838 mode 0
Event: 1,065 Thread 0x00007f9758024000 DEOPT PACKING pc=0x00007f9741009067 sp=0x00007f975d1f7290
Event: 1,065 Thread 0x00007f9758024000 DEOPT UNPACKING pc=0x00007f97407d20ca sp=0x00007f975d1f6748 mode 0
Event: 1,095 Thread 0x00007f9758024000 DEOPT PACKING pc=0x00007f9741009067 sp=0x00007f975d1f8a70
Event: 1,095 Thread 0x00007f9758024000 DEOPT UNPACKING pc=0x00007f97407d20ca sp=0x00007f975d1f7f28 mode 0

Classes unloaded (0 events):
No events

Classes redefined (7 events):
Event: 1,068 Thread 0x00007f9758262800 redefined class name=org.springframework.security.crypto.password.PasswordEncoder, count=1
Event: 1,127 Thread 0x00007f9758262800 redefined class name=org.springframework.data.repository.PagingAndSortingRepository, count=1
Event: 1,127 Thread 0x00007f9758262800 redefined class name=org.springframework.data.repository.CrudRepository, count=1
Event: 1,127 Thread 0x00007f9758262800 redefined class name=org.springframework.data.repository.Repository, count=1
Event: 1,127 Thread 0x00007f9758262800 redefined class name=org.springframework.data.repository.query.QueryByExampleExecutor, count=1
Event: 1,127 Thread 0x00007f9758262800 redefined class name=com.crypto.users.repository.UserRepository, count=1
Event: 1,127 Thread 0x00007f9758262800 redefined class name=org.springframework.data.jpa.repository.JpaRepository, count=1

Internal exceptions (20 events):
Event: 0,427 Thread 0x00007f9758024000 Exception <a 'java/lang/NoSuchMethodError'{0x00000007186cda00}: 'void java.lang.invoke.DirectMethodHandle$Holder.invokeSpecial(java.lang.Object, java.lang.Object)'> (0x00000007186cda00) 
thrown [src/hotspot/share/interpreter/linkResolver.cpp, line 766]
Event: 0,437 Thread 0x00007f9758024000 Exception <a 'java/lang/NoSuchMethodError'{0x000000071849f440}: 'int java.lang.invoke.DirectMethodHandle$Holder.invokeStaticInit(java.lang.Object, java.lang.Object, java.lang.Object)'> (0x000000071849f440) 
thrown [src/hotspot/share/interpreter/linkResolver.cpp, line 766]
Event: 0,472 Thread 0x00007f9758024000 Exception <a 'java/lang/NoSuchMethodError'{0x0000000718194338}: 'void java.lang.invoke.DirectMethodHandle$Holder.invokeStatic(java.lang.Object, java.lang.Object, java.lang.Object, java.lang.Object, java.lang.Object)'> (0x0000000718194338) 
thrown [src/hotspot/share/interpreter/linkResolver.cpp, line 766]
Event: 0,472 Thread 0x00007f9758024000 Exception <a 'java/lang/NoSuchMethodError'{0x00000007181a1ff8}: 'java.lang.Object java.lang.invoke.Invokers$Holder.linkToTargetMethod(java.lang.Object, java.lang.Object, java.lang.Object, java.lang.Object, java.lang.Object, java.lang.Object, java.lang.Object)'> (0x00000007181a1ff8) 
thrown [src/hotspot/share/interpreter/linkResolver.cpp, line 766]
Event: 0,473 Thread 0x00007f9758024000 Exception <a 'java/lang/NoSuchMethodError'{0x00000007181abe60}: 'java.lang.Object java.lang.invoke.DirectMethodHandle$Holder.invokeInterface(java.lang.Object, java.lang.Object, java.lang.Object, java.lang.Object, java.lang.Object)'> (0x00000007181abe60) 
thrown [src/hotspot/share/interpreter/linkResolver.cpp, line 766]
Event: 0,473 Thread 0x00007f9758024000 Exception <a 'java/lang/IncompatibleClassChangeError'{0x00000007181af168}: Found class java.lang.Object, but interface was expected> (0x00000007181af168) 
thrown [src/hotspot/share/interpreter/linkResolver.cpp, line 833]
Event: 0,498 Thread 0x00007f9758024000 Exception <a 'java/lang/reflect/InvocationTargetException'{0x0000000717de9848}> (0x0000000717de9848) 
thrown [src/hotspot/share/runtime/reflection.cpp, line 1186]
Event: 0,500 Thread 0x00007f9758024000 Exception <a 'java/lang/NoSuchMethodError'{0x0000000717dfb120}: 'java.lang.Object java.lang.invoke.DirectMethodHandle$Holder.invokeStaticInit(java.lang.Object, java.lang.Object, long, java.lang.Object)'> (0x0000000717dfb120) 
thrown [src/hotspot/share/interpreter/linkResolver.cpp, line 766]
Event: 0,500 Thread 0x00007f9758024000 Exception <a 'java/lang/NoSuchMethodError'{0x0000000717c01570}: 'java.lang.Object java.lang.invoke.Invokers$Holder.linkToTargetMethod(java.lang.Object, long, java.lang.Object)'> (0x0000000717c01570) 
thrown [src/hotspot/share/interpreter/linkResolver.cpp, line 766]
Event: 0,508 Thread 0x00007f9758024000 Exception <a 'java/lang/NoSuchMethodError'{0x0000000717cb6170}: 'java.lang.Object java.lang.invoke.DirectMethodHandle$Holder.invokeStatic(java.lang.Object, java.lang.Object, java.lang.Object, int)'> (0x0000000717cb6170) 
thrown [src/hotspot/share/interpreter/linkResolver.cpp, line 766]
Event: 0,508 Thread 0x00007f9758024000 Exception <a 'java/lang/NoSuchMethodError'{0x0000000717cb9c58}: 'java.lang.Object java.lang.invoke.DirectMethodHandle$Holder.invokeSpecial(java.lang.Object, java.lang.Object, java.lang.Object, java.lang.Object, int)'> (0x0000000717cb9c58) 
thrown [src/hotspot/share/interpreter/linkResolver.cpp, line 766]
Event: 0,508 Thread 0x00007f9758024000 Exception <a 'java/lang/NoSuchMethodError'{0x0000000717cbcfc0}: 'java.lang.Object java.lang.invoke.Invokers$Holder.linkToTargetMethod(java.lang.Object, java.lang.Object, int, java.lang.Object)'> (0x0000000717cbcfc0) 
thrown [src/hotspot/share/interpreter/linkResolver.cpp, line 766]
Event: 0,758 Thread 0x00007f9758024000 Exception <a 'java/lang/NoSuchMethodError'{0x0000000717874b60}: 'int java.lang.invoke.DirectMethodHandle$Holder.invokeSpecial(java.lang.Object, java.lang.Object, java.lang.Object, java.lang.Object, java.lang.Object)'> (0x0000000717874b60) 
thrown [src/hotspot/share/interpreter/linkResolver.cpp, line 766]
Event: 0,964 Thread 0x00007f9758024000 Exception <a 'java/lang/ClassNotFoundException'{0x0000000714530408}: java/lang/ClassLoader$ByteBuddyAccessor$Ty2HM8AM> (0x0000000714530408) 
thrown [src/hotspot/share/classfile/systemDictionary.cpp, line 232]
Event: 1,105 Thread 0x00007f9758024000 Exception <a 'java/lang/NoSuchMethodError'{0x0000000712b43848}: 'java.lang.Object java.lang.invoke.Invokers$Holder.invoker(java.lang.Object, java.lang.Object)'> (0x0000000712b43848) 
thrown [src/hotspot/share/interpreter/linkResolver.cpp, line 766]
Event: 1,107 Thread 0x00007f9758024000 Exception <a 'java/lang/NoSuchMethodError'{0x0000000712b6ddf0}: 'void java.lang.invoke.DelegatingMethodHandle$Holder.delegate(java.lang.Object, java.lang.Object, int, java.lang.Object)'> (0x0000000712b6ddf0) 
thrown [src/hotspot/share/interpreter/linkResolver.cpp, line 766]
Event: 1,107 Thread 0x00007f9758024000 Exception <a 'java/lang/NoSuchMethodError'{0x0000000712b746d8}: 'java.lang.Object java.lang.invoke.Invokers$Holder.invokeExact_MT(java.lang.Object, java.lang.Object, java.lang.Object, java.lang.Object)'> (0x0000000712b746d8) 
thrown [src/hotspot/share/interpreter/linkResolver.cpp, line 766]
Event: 1,108 Thread 0x00007f9758024000 Exception <a 'java/lang/NoSuchMethodError'{0x0000000712b77ad0}: 'java.lang.Object java.lang.invoke.Invokers$Holder.invoker(java.lang.Object, java.lang.Object, java.lang.Object, java.lang.Object)'> (0x0000000712b77ad0) 
thrown [src/hotspot/share/interpreter/linkResolver.cpp, line 766]
Event: 1,108 Thread 0x00007f9758024000 Exception <a 'java/lang/NoSuchMethodError'{0x0000000712b802d0}: 'int java.lang.invoke.DirectMethodHandle$Holder.invokeSpecial(java.lang.Object, java.lang.Object, java.lang.Object, java.lang.Object)'> (0x0000000712b802d0) 
thrown [src/hotspot/share/interpreter/linkResolver.cpp, line 766]
Event: 1,111 Thread 0x00007f9758024000 Exception <a 'java/lang/NoSuchMethodError'{0x0000000712bbb6f8}: 'java.lang.Object java.lang.invoke.Invokers$Holder.invoker(java.lang.Object, java.lang.Object, java.lang.Object)'> (0x0000000712bbb6f8) 
thrown [src/hotspot/share/interpreter/linkResolver.cpp, line 766]

Events (20 events):
Event: 1,164 loading class org/mockito/internal/configuration/injection/filter/NameBasedCandidateFilter
Event: 1,164 loading class org/mockito/internal/configuration/injection/filter/NameBasedCandidateFilter done
Event: 1,164 loading class org/mockito/internal/configuration/injection/filter/TerminalMockCandidateFilter
Event: 1,164 loading class org/mockito/internal/configuration/injection/filter/TerminalMockCandidateFilter done
Event: 1,164 loading class org/mockito/internal/configuration/injection/PropertyAndSetterInjection$1
Event: 1,164 loading class org/mockito/internal/configuration/injection/PropertyAndSetterInjection$1 done
Event: 1,164 loading class org/mockito/internal/configuration/injection/ConstructorInjection$SimpleArgumentResolver
Event: 1,164 loading class org/mockito/internal/configuration/injection/ConstructorInjection$SimpleArgumentResolver done
Event: 1,165 loading class org/mockito/internal/util/reflection/FieldInitializer
Event: 1,165 loading class org/mockito/internal/util/reflection/FieldInitializer done
Event: 1,165 loading class org/mockito/internal/util/reflection/FieldInitializer$ConstructorInstantiator
Event: 1,165 loading class org/mockito/internal/util/reflection/FieldInitializer$ConstructorInstantiator done
Event: 1,165 loading class org/mockito/internal/util/reflection/FieldInitializer$ParameterizedConstructorInstantiator
Event: 1,165 loading class org/mockito/internal/util/reflection/FieldInitializer$ParameterizedConstructorInstantiator done
Event: 1,165 loading class org/mockito/internal/util/reflection/FieldInitializer$ParameterizedConstructorInstantiator$1
Event: 1,165 loading class org/mockito/internal/util/reflection/FieldInitializer$ParameterizedConstructorInstantiator$1 done
Event: 1,165 loading class com/crypto/api/I18N
Event: 1,165 loading class com/crypto/api/I18N done
Event: 1,167 Executing VM operation: ChangeBreakpoints
Event: 1,167 Protecting memory [0x00007f975ebdd000,0x00007f975ebde000] with protection modes 7


Dynamic libraries:
709400000-718c00000 rw-p 00000000 00:00 0 
718c00000-800000000 ---p 00000000 00:00 0 
800000000-8002e0000 rw-p 00000000 00:00 0 
8002e0000-840000000 ---p 00000000 00:00 0 
558f769cf000-558f769d0000 r--p 00000000 103:02 19799134                  /usr/lib/jvm/java-13-openjdk-amd64/bin/java
558f769d0000-558f769d1000 r-xp 00001000 103:02 19799134                  /usr/lib/jvm/java-13-openjdk-amd64/bin/java
558f769d1000-558f769d2000 r--p 00002000 103:02 19799134                  /usr/lib/jvm/java-13-openjdk-amd64/bin/java
558f769d2000-558f769d3000 r--p 00002000 103:02 19799134                  /usr/lib/jvm/java-13-openjdk-amd64/bin/java
558f769d3000-558f769d4000 rw-p 00003000 103:02 19799134                  /usr/lib/jvm/java-13-openjdk-amd64/bin/java
558f76c2c000-558f76c72000 rw-p 00000000 00:00 0                          [heap]
7f96c8000000-7f96c8033000 rw-p 00000000 00:00 0 
7f96c8033000-7f96cc000000 ---p 00000000 00:00 0 
7f96cc000000-7f96cc45e000 rw-p 00000000 00:00 0 
7f96cc45e000-7f96d0000000 ---p 00000000 00:00 0 
7f96d0000000-7f96d0021000 rw-p 00000000 00:00 0 
7f96d0021000-7f96d4000000 ---p 00000000 00:00 0 
7f96d4000000-7f96d4021000 rw-p 00000000 00:00 0 
7f96d4021000-7f96d8000000 ---p 00000000 00:00 0 
7f96d8000000-7f96d8021000 rw-p 00000000 00:00 0 
7f96d8021000-7f96dc000000 ---p 00000000 00:00 0 
7f96dc000000-7f96dc021000 rw-p 00000000 00:00 0 
7f96dc021000-7f96e0000000 ---p 00000000 00:00 0 
7f96e0000000-7f96e0021000 rw-p 00000000 00:00 0 
7f96e0021000-7f96e4000000 ---p 00000000 00:00 0 
7f96e4000000-7f96e4021000 rw-p 00000000 00:00 0 
7f96e4021000-7f96e8000000 ---p 00000000 00:00 0 
7f96e8000000-7f96e8048000 rw-p 00000000 00:00 0 
7f96e8048000-7f96ec000000 ---p 00000000 00:00 0 
7f96ec000000-7f96ec021000 rw-p 00000000 00:00 0 
7f96ec021000-7f96f0000000 ---p 00000000 00:00 0 
7f96f0000000-7f96f0618000 rw-p 00000000 00:00 0 
7f96f0618000-7f96f4000000 ---p 00000000 00:00 0 
7f96f4000000-7f96f4030000 rw-p 00000000 00:00 0 
7f96f4030000-7f96f8000000 ---p 00000000 00:00 0 
7f96f8000000-7f96f8021000 rw-p 00000000 00:00 0 
7f96f8021000-7f96fc000000 ---p 00000000 00:00 0 
7f96fc000000-7f96fc021000 rw-p 00000000 00:00 0 
7f96fc021000-7f9700000000 ---p 00000000 00:00 0 
7f9700000000-7f970087d000 rw-p 00000000 00:00 0 
7f970087d000-7f9704000000 ---p 00000000 00:00 0 
7f9704000000-7f9704428000 rw-p 00000000 00:00 0 
7f9704428000-7f9708000000 ---p 00000000 00:00 0 
7f9708000000-7f9708021000 rw-p 00000000 00:00 0 
7f9708021000-7f970c000000 ---p 00000000 00:00 0 
7f970c000000-7f970c021000 rw-p 00000000 00:00 0 
7f970c021000-7f9710000000 ---p 00000000 00:00 0 
7f9710000000-7f9710021000 rw-p 00000000 00:00 0 
7f9710021000-7f9714000000 ---p 00000000 00:00 0 
7f9714000000-7f9714021000 rw-p 00000000 00:00 0 
7f9714021000-7f9718000000 ---p 00000000 00:00 0 
7f9718000000-7f9718021000 rw-p 00000000 00:00 0 
7f9718021000-7f971c000000 ---p 00000000 00:00 0 
7f971daa0000-7f971dc8c000 rw-p 00000000 00:00 0 
7f971dc8c000-7f971dca0000 ---p 00000000 00:00 0 
7f971dee0000-7f971e0e0000 rw-p 00000000 00:00 0 
7f971e0ea000-7f971e0ee000 ---p 00000000 00:00 0 
7f971e0ee000-7f971e3eb000 rw-p 00000000 00:00 0 
7f971e3eb000-7f971e3ef000 ---p 00000000 00:00 0 
7f971e3ef000-7f971e6ec000 rw-p 00000000 00:00 0 
7f971e6ec000-7f971e6ed000 ---p 00000000 00:00 0 
7f971e6ed000-7f971e7ee000 rw-p 00000000 00:00 0 
7f971e7ee000-7f971e7ef000 ---p 00000000 00:00 0 
7f971e7ef000-7f971e8f0000 rw-p 00000000 00:00 0 
7f971e8f0000-7f971e8f1000 ---p 00000000 00:00 0 
7f971e8f1000-7f971e9f2000 rw-p 00000000 00:00 0 
7f971e9f2000-7f971e9f3000 ---p 00000000 00:00 0 
7f971e9f3000-7f971ecf4000 rw-p 00000000 00:00 0 
7f971ecf4000-7f971ecf5000 ---p 00000000 00:00 0 
7f971ecf5000-7f971edf6000 rw-p 00000000 00:00 0 
7f971edf6000-7f971edfa000 ---p 00000000 00:00 0 
7f971edfa000-7f971eef7000 rw-p 00000000 00:00 0 
7f971eef7000-7f971eefb000 ---p 00000000 00:00 0 
7f971eefb000-7f971eff8000 rw-p 00000000 00:00 0 
7f971eff8000-7f971effc000 ---p 00000000 00:00 0 
7f971effc000-7f971f0f9000 rw-p 00000000 00:00 0 
7f971f0f9000-7f971f0fd000 ---p 00000000 00:00 0 
7f971f0fd000-7f971f1fa000 rw-p 00000000 00:00 0 
7f971f1fa000-7f971f1fe000 ---p 00000000 00:00 0 
7f971f1fe000-7f971f2fb000 rw-p 00000000 00:00 0 
7f971f2fb000-7f971f2ff000 ---p 00000000 00:00 0 
7f971f2ff000-7f971f3fc000 rw-p 00000000 00:00 0 
7f971f3fc000-7f971f400000 ---p 00000000 00:00 0 
7f971f400000-7f971f4fd000 rw-p 00000000 00:00 0 
7f971f4fd000-7f971f501000 ---p 00000000 00:00 0 
7f971f501000-7f971f5fe000 rw-p 00000000 00:00 0 
7f971f5fe000-7f971f602000 ---p 00000000 00:00 0 
7f971f602000-7f971f6ff000 rw-p 00000000 00:00 0 
7f971f6ff000-7f971f703000 ---p 00000000 00:00 0 
7f971f703000-7f9720000000 rw-p 00000000 00:00 0 
7f9720000000-7f9720021000 rw-p 00000000 00:00 0 
7f9720021000-7f9724000000 ---p 00000000 00:00 0 
7f9724000000-7f9724021000 rw-p 00000000 00:00 0 
7f9724021000-7f9728000000 ---p 00000000 00:00 0 
7f9728000000-7f9728021000 rw-p 00000000 00:00 0 
7f9728021000-7f972c000000 ---p 00000000 00:00 0 
7f972c000000-7f972c021000 rw-p 00000000 00:00 0 
7f972c021000-7f9730000000 ---p 00000000 00:00 0 
7f9730000000-7f9730021000 rw-p 00000000 00:00 0 
7f9730021000-7f9734000000 ---p 00000000 00:00 0 
7f973409a000-7f973409e000 ---p 00000000 00:00 0 
7f973409e000-7f97340bc000 rw-p 00000000 00:00 0 
7f97340bc000-7f97340c0000 r--p 00000000 103:02 19938877                  /usr/lib/jvm/java-13-openjdk-amd64/lib/libnet.so
7f97340c0000-7f97340ce000 r-xp 00004000 103:02 19938877                  /usr/lib/jvm/java-13-openjdk-amd64/lib/libnet.so
7f97340ce000-7f97340d2000 r--p 00012000 103:02 19938877                  /usr/lib/jvm/java-13-openjdk-amd64/lib/libnet.so
7f97340d2000-7f97340d3000 r--p 00015000 103:02 19938877                  /usr/lib/jvm/java-13-openjdk-amd64/lib/libnet.so
7f97340d3000-7f97340d4000 rw-p 00016000 103:02 19938877                  /usr/lib/jvm/java-13-openjdk-amd64/lib/libnet.so
7f97340d4000-7f97340d8000 ---p 00000000 00:00 0 
7f97340d8000-7f97341d5000 rw-p 00000000 00:00 0 
7f97341d5000-7f97341d9000 ---p 00000000 00:00 0 
7f97341d9000-7f97342d6000 rw-p 00000000 00:00 0 
7f97342d6000-7f97342d7000 ---p 00000000 00:00 0 
7f97342d7000-7f97344f5000 rw-p 00000000 00:00 0 
7f97344f5000-7f97344f6000 ---p 00000000 00:00 0 
7f97344f6000-7f97345f7000 rw-p 00000000 00:00 0 
7f97345f7000-7f97345f8000 ---p 00000000 00:00 0 
7f97345f8000-7f9736f01000 rw-p 00000000 00:00 0 
7f9736f01000-7f9736f02000 ---p 00000000 00:00 0 
7f9736f02000-7f9737003000 rw-p 00000000 00:00 0 
7f9737003000-7f9737004000 ---p 00000000 00:00 0 
7f9737004000-7f9737105000 rw-p 00000000 00:00 0 
7f9737105000-7f9737106000 ---p 00000000 00:00 0 
7f9737106000-7f97376e6000 rw-p 00000000 00:00 0 
7f97376e6000-7f973b0b6000 ---p 00000000 00:00 0 
7f973b0b6000-7f973b496000 rw-p 00000000 00:00 0 
7f973b496000-7f973ee66000 ---p 00000000 00:00 0 
7f973ee66000-7f973eee2000 rw-p 00000000 00:00 0 
7f973eee2000-7f973f61c000 ---p 00000000 00:00 0 
7f973f61c000-7f973f698000 rw-p 00000000 00:00 0 
7f973f698000-7f973fdd2000 ---p 00000000 00:00 0 
7f973fdd2000-7f973fe4e000 rw-p 00000000 00:00 0 
7f973fe4e000-7f9740588000 ---p 00000000 00:00 0 
7f9740588000-7f974078a000 rw-p 00000000 00:00 0 
7f974078a000-7f97409fa000 rwxp 00000000 00:00 0 
7f97409fa000-7f9740d1c000 ---p 00000000 00:00 0 
7f9740d1c000-7f97410ac000 rwxp 00000000 00:00 0 
7f97410ac000-7f9748253000 ---p 00000000 00:00 0 
7f9748253000-7f97484c3000 rwxp 00000000 00:00 0 
7f97484c3000-7f974f78a000 ---p 00000000 00:00 0 
7f974f78a000-7f9758000000 r--s 00000000 103:02 19938887                  /usr/lib/jvm/java-13-openjdk-amd64/lib/modules
7f9758000000-7f97592e5000 rw-p 00000000 00:00 0 
7f97592e5000-7f975c000000 ---p 00000000 00:00 0 
7f975c011000-7f975c018000 r--p 00000000 103:02 19938878                  /usr/lib/jvm/java-13-openjdk-amd64/lib/libnio.so
7f975c018000-7f975c021000 r-xp 00007000 103:02 19938878                  /usr/lib/jvm/java-13-openjdk-amd64/lib/libnio.so
7f975c021000-7f975c025000 r--p 00010000 103:02 19938878                  /usr/lib/jvm/java-13-openjdk-amd64/lib/libnio.so
7f975c025000-7f975c026000 r--p 00013000 103:02 19938878                  /usr/lib/jvm/java-13-openjdk-amd64/lib/libnio.so
7f975c026000-7f975c027000 rw-p 00014000 103:02 19938878                  /usr/lib/jvm/java-13-openjdk-amd64/lib/libnio.so
7f975c027000-7f975c029000 r--p 00000000 103:02 19938856                  /usr/lib/jvm/java-13-openjdk-amd64/lib/libdt_socket.so
7f975c029000-7f975c02c000 r-xp 00002000 103:02 19938856                  /usr/lib/jvm/java-13-openjdk-amd64/lib/libdt_socket.so
7f975c02c000-7f975c02d000 r--p 00005000 103:02 19938856                  /usr/lib/jvm/java-13-openjdk-amd64/lib/libdt_socket.so
7f975c02d000-7f975c02e000 ---p 00006000 103:02 19938856                  /usr/lib/jvm/java-13-openjdk-amd64/lib/libdt_socket.so
7f975c02e000-7f975c02f000 r--p 00006000 103:02 19938856                  /usr/lib/jvm/java-13-openjdk-amd64/lib/libdt_socket.so
7f975c02f000-7f975c030000 rw-p 00007000 103:02 19938856                  /usr/lib/jvm/java-13-openjdk-amd64/lib/libdt_socket.so
7f975c030000-7f975c037000 r--s 00000000 103:02 20452248                  /usr/lib/x86_64-linux-gnu/gconv/gconv-modules.cache
7f975c037000-7f975c642000 rw-p 00000000 00:00 0 
7f975c642000-7f975c728000 ---p 00000000 00:00 0 
7f975c728000-7f975c730000 rw-p 00000000 00:00 0 
7f975c730000-7f975c813000 ---p 00000000 00:00 0 
7f975c813000-7f975c818000 rw-p 00000000 00:00 0 
7f975c818000-7f975c81f000 ---p 00000000 00:00 0 
7f975c81f000-7f975c822000 r--p 00000000 103:02 19794084                  /usr/lib/x86_64-linux-gnu/libnss_files-2.31.so
7f975c822000-7f975c829000 r-xp 00003000 103:02 19794084                  /usr/lib/x86_64-linux-gnu/libnss_files-2.31.so
7f975c829000-7f975c82b000 r--p 0000a000 103:02 19794084                  /usr/lib/x86_64-linux-gnu/libnss_files-2.31.so
7f975c82b000-7f975c82c000 r--p 0000b000 103:02 19794084                  /usr/lib/x86_64-linux-gnu/libnss_files-2.31.so
7f975c82c000-7f975c82d000 rw-p 0000c000 103:02 19794084                  /usr/lib/x86_64-linux-gnu/libnss_files-2.31.so
7f975c82d000-7f975c833000 rw-p 00000000 00:00 0 
7f975c833000-7f975c839000 r--s 00067000 103:02 401533                    /home/pavel/.local/share/JetBrains/Toolbox/apps/IDEA-U/ch-0/223.8617.56/plugins/java/lib/rt/debugger-agent.jar
7f975c839000-7f975c83b000 r--p 00000000 103:02 19938886                  /usr/lib/jvm/java-13-openjdk-amd64/lib/libzip.so
7f975c83b000-7f975c83f000 r-xp 00002000 103:02 19938886                  /usr/lib/jvm/java-13-openjdk-amd64/lib/libzip.so
7f975c83f000-7f975c841000 r--p 00006000 103:02 19938886                  /usr/lib/jvm/java-13-openjdk-amd64/lib/libzip.so
7f975c841000-7f975c842000 r--p 00007000 103:02 19938886                  /usr/lib/jvm/java-13-openjdk-amd64/lib/libzip.so
7f975c842000-7f975c843000 rw-p 00008000 103:02 19938886                  /usr/lib/jvm/java-13-openjdk-amd64/lib/libzip.so
7f975c843000-7f975c84b000 rw-s 00000000 103:02 26098087                  /tmp/hsperfdata_pavel/209726
7f975c84b000-7f975d07d000 r--p 00000000 103:02 19792848                  /usr/lib/locale/locale-archive
7f975d07d000-7f975d07f000 r--p 00000000 103:02 19938859                  /usr/lib/jvm/java-13-openjdk-amd64/lib/libinstrument.so
7f975d07f000-7f975d085000 r-xp 00002000 103:02 19938859                  /usr/lib/jvm/java-13-openjdk-amd64/lib/libinstrument.so
7f975d085000-7f975d088000 r--p 00008000 103:02 19938859                  /usr/lib/jvm/java-13-openjdk-amd64/lib/libinstrument.so
7f975d088000-7f975d089000 r--p 0000a000 103:02 19938859                  /usr/lib/jvm/java-13-openjdk-amd64/lib/libinstrument.so
7f975d089000-7f975d08a000 rw-p 0000b000 103:02 19938859                  /usr/lib/jvm/java-13-openjdk-amd64/lib/libinstrument.so
7f975d08a000-7f975d08c000 r--p 00000000 103:02 19938867                  /usr/lib/jvm/java-13-openjdk-amd64/lib/libjdwp.so
7f975d08c000-7f975d0b8000 r-xp 00002000 103:02 19938867                  /usr/lib/jvm/java-13-openjdk-amd64/lib/libjdwp.so
7f975d0b8000-7f975d0c6000 r--p 0002e000 103:02 19938867                  /usr/lib/jvm/java-13-openjdk-amd64/lib/libjdwp.so
7f975d0c6000-7f975d0c7000 r--p 0003b000 103:02 19938867                  /usr/lib/jvm/java-13-openjdk-amd64/lib/libjdwp.so
7f975d0c7000-7f975d0c8000 rw-p 0003c000 103:02 19938867                  /usr/lib/jvm/java-13-openjdk-amd64/lib/libjdwp.so
7f975d0c8000-7f975d0ca000 r--p 00000000 103:02 19938868                  /usr/lib/jvm/java-13-openjdk-amd64/lib/libjimage.so
7f975d0ca000-7f975d0cd000 r-xp 00002000 103:02 19938868                  /usr/lib/jvm/java-13-openjdk-amd64/lib/libjimage.so
7f975d0cd000-7f975d0ce000 r--p 00005000 103:02 19938868                  /usr/lib/jvm/java-13-openjdk-amd64/lib/libjimage.so
7f975d0ce000-7f975d0cf000 ---p 00006000 103:02 19938868                  /usr/lib/jvm/java-13-openjdk-amd64/lib/libjimage.so
7f975d0cf000-7f975d0d0000 r--p 00006000 103:02 19938868                  /usr/lib/jvm/java-13-openjdk-amd64/lib/libjimage.so
7f975d0d0000-7f975d0d1000 rw-p 00007000 103:02 19938868                  /usr/lib/jvm/java-13-openjdk-amd64/lib/libjimage.so
7f975d0d1000-7f975d0de000 r--p 00000000 103:02 19938864                  /usr/lib/jvm/java-13-openjdk-amd64/lib/libjava.so
7f975d0de000-7f975d0f3000 r-xp 0000d000 103:02 19938864                  /usr/lib/jvm/java-13-openjdk-amd64/lib/libjava.so
7f975d0f3000-7f975d0f9000 r--p 00022000 103:02 19938864                  /usr/lib/jvm/java-13-openjdk-amd64/lib/libjava.so
7f975d0f9000-7f975d0fa000 ---p 00028000 103:02 19938864                  /usr/lib/jvm/java-13-openjdk-amd64/lib/libjava.so
7f975d0fa000-7f975d0fb000 r--p 00028000 103:02 19938864                  /usr/lib/jvm/java-13-openjdk-amd64/lib/libjava.so
7f975d0fb000-7f975d0fd000 rw-p 00029000 103:02 19938864                  /usr/lib/jvm/java-13-openjdk-amd64/lib/libjava.so
7f975d0fd000-7f975d101000 ---p 00000000 00:00 0 
7f975d101000-7f975d1fe000 rw-p 00000000 00:00 0 
7f975d1fe000-7f975d201000 r--p 00000000 103:02 19799689                  /usr/lib/x86_64-linux-gnu/libgcc_s.so.1
7f975d201000-7f975d213000 r-xp 00003000 103:02 19799689                  /usr/lib/x86_64-linux-gnu/libgcc_s.so.1
7f975d213000-7f975d217000 r--p 00015000 103:02 19799689                  /usr/lib/x86_64-linux-gnu/libgcc_s.so.1
7f975d217000-7f975d218000 r--p 00018000 103:02 19799689                  /usr/lib/x86_64-linux-gnu/libgcc_s.so.1
7f975d218000-7f975d219000 rw-p 00019000 103:02 19799689                  /usr/lib/x86_64-linux-gnu/libgcc_s.so.1
7f975d219000-7f975d226000 r--p 00000000 103:02 19794078                  /usr/lib/x86_64-linux-gnu/libm-2.31.so
7f975d226000-7f975d2cd000 r-xp 0000d000 103:02 19794078                  /usr/lib/x86_64-linux-gnu/libm-2.31.so
7f975d2cd000-7f975d366000 r--p 000b4000 103:02 19794078                  /usr/lib/x86_64-linux-gnu/libm-2.31.so
7f975d366000-7f975d367000 r--p 0014c000 103:02 19794078                  /usr/lib/x86_64-linux-gnu/libm-2.31.so
7f975d367000-7f975d368000 rw-p 0014d000 103:02 19794078                  /usr/lib/x86_64-linux-gnu/libm-2.31.so
7f975d368000-7f975d3fe000 r--p 00000000 103:02 19800492                  /usr/lib/x86_64-linux-gnu/libstdc++.so.6.0.28
7f975d3fe000-7f975d4ef000 r-xp 00096000 103:02 19800492                  /usr/lib/x86_64-linux-gnu/libstdc++.so.6.0.28
7f975d4ef000-7f975d538000 r--p 00187000 103:02 19800492                  /usr/lib/x86_64-linux-gnu/libstdc++.so.6.0.28
7f975d538000-7f975d539000 ---p 001d0000 103:02 19800492                  /usr/lib/x86_64-linux-gnu/libstdc++.so.6.0.28
7f975d539000-7f975d544000 r--p 001d0000 103:02 19800492                  /usr/lib/x86_64-linux-gnu/libstdc++.so.6.0.28
7f975d544000-7f975d547000 rw-p 001db000 103:02 19800492                  /usr/lib/x86_64-linux-gnu/libstdc++.so.6.0.28
7f975d547000-7f975d54a000 rw-p 00000000 00:00 0 
7f975d54a000-7f975d7d0000 r--p 00000000 103:02 19938892                  /usr/lib/jvm/java-13-openjdk-amd64/lib/server/libjvm.so
7f975d7d0000-7f975e54d000 r-xp 00286000 103:02 19938892                  /usr/lib/jvm/java-13-openjdk-amd64/lib/server/libjvm.so
7f975e54d000-7f975e7c8000 r--p 01003000 103:02 19938892                  /usr/lib/jvm/java-13-openjdk-amd64/lib/server/libjvm.so
7f975e7c8000-7f975e88d000 r--p 0127d000 103:02 19938892                  /usr/lib/jvm/java-13-openjdk-amd64/lib/server/libjvm.so
7f975e88d000-7f975e8c8000 rw-p 01342000 103:02 19938892                  /usr/lib/jvm/java-13-openjdk-amd64/lib/server/libjvm.so
7f975e8c8000-7f975e94e000 rw-p 00000000 00:00 0 
7f975e94e000-7f975e954000 r--p 00000000 103:02 19794089                  /usr/lib/x86_64-linux-gnu/libpthread-2.31.so
7f975e954000-7f975e965000 r-xp 00006000 103:02 19794089                  /usr/lib/x86_64-linux-gnu/libpthread-2.31.so
7f975e965000-7f975e96b000 r--p 00017000 103:02 19794089                  /usr/lib/x86_64-linux-gnu/libpthread-2.31.so
7f975e96b000-7f975e96c000 r--p 0001c000 103:02 19794089                  /usr/lib/x86_64-linux-gnu/libpthread-2.31.so
7f975e96c000-7f975e96d000 rw-p 0001d000 103:02 19794089                  /usr/lib/x86_64-linux-gnu/libpthread-2.31.so
7f975e96d000-7f975e971000 rw-p 00000000 00:00 0 
7f975e971000-7f975e972000 r--p 00000000 103:02 19794077                  /usr/lib/x86_64-linux-gnu/libdl-2.31.so
7f975e972000-7f975e974000 r-xp 00001000 103:02 19794077                  /usr/lib/x86_64-linux-gnu/libdl-2.31.so
7f975e974000-7f975e975000 r--p 00003000 103:02 19794077                  /usr/lib/x86_64-linux-gnu/libdl-2.31.so
7f975e975000-7f975e976000 r--p 00003000 103:02 19794077                  /usr/lib/x86_64-linux-gnu/libdl-2.31.so
7f975e976000-7f975e977000 rw-p 00004000 103:02 19794077                  /usr/lib/x86_64-linux-gnu/libdl-2.31.so
7f975e977000-7f975e979000 r--p 00000000 103:02 19792786                  /usr/lib/x86_64-linux-gnu/libz.so.1.2.11
7f975e979000-7f975e98a000 r-xp 00002000 103:02 19792786                  /usr/lib/x86_64-linux-gnu/libz.so.1.2.11
7f975e98a000-7f975e990000 r--p 00013000 103:02 19792786                  /usr/lib/x86_64-linux-gnu/libz.so.1.2.11
7f975e990000-7f975e991000 ---p 00019000 103:02 19792786                  /usr/lib/x86_64-linux-gnu/libz.so.1.2.11
7f975e991000-7f975e992000 r--p 00019000 103:02 19792786                  /usr/lib/x86_64-linux-gnu/libz.so.1.2.11
7f975e992000-7f975e993000 rw-p 0001a000 103:02 19792786                  /usr/lib/x86_64-linux-gnu/libz.so.1.2.11
7f975e993000-7f975e9b5000 r--p 00000000 103:02 19794076                  /usr/lib/x86_64-linux-gnu/libc-2.31.so
7f975e9b5000-7f975eb2d000 r-xp 00022000 103:02 19794076                  /usr/lib/x86_64-linux-gnu/libc-2.31.so
7f975eb2d000-7f975eb7b000 r--p 0019a000 103:02 19794076                  /usr/lib/x86_64-linux-gnu/libc-2.31.so
7f975eb7b000-7f975eb7f000 r--p 001e7000 103:02 19794076                  /usr/lib/x86_64-linux-gnu/libc-2.31.so
7f975eb7f000-7f975eb81000 rw-p 001eb000 103:02 19794076                  /usr/lib/x86_64-linux-gnu/libc-2.31.so
7f975eb81000-7f975eb85000 rw-p 00000000 00:00 0 
7f975eb86000-7f975eb87000 r--s 00000000 103:02 26098088                  /tmp/mockitoboot567249506768333873.jar
7f975eb87000-7f975eb89000 r--s 0000c000 103:02 20583289                  /usr/share/java/java-atk-wrapper.jar
7f975eb89000-7f975eb8a000 ---p 00000000 00:00 0 
7f975eb8a000-7f975eb8b000 r--p 00000000 00:00 0 
7f975eb8b000-7f975eb90000 r--p 00000000 103:02 19938885                  /usr/lib/jvm/java-13-openjdk-amd64/lib/libverify.so
7f975eb90000-7f975eb97000 r-xp 00005000 103:02 19938885                  /usr/lib/jvm/java-13-openjdk-amd64/lib/libverify.so
7f975eb97000-7f975eb99000 r--p 0000c000 103:02 19938885                  /usr/lib/jvm/java-13-openjdk-amd64/lib/libverify.so
7f975eb99000-7f975eb9a000 ---p 0000e000 103:02 19938885                  /usr/lib/jvm/java-13-openjdk-amd64/lib/libverify.so
7f975eb9a000-7f975eb9c000 r--p 0000e000 103:02 19938885                  /usr/lib/jvm/java-13-openjdk-amd64/lib/libverify.so
7f975eb9c000-7f975eb9d000 rw-p 00010000 103:02 19938885                  /usr/lib/jvm/java-13-openjdk-amd64/lib/libverify.so
7f975eb9d000-7f975eba0000 r--p 00000000 103:02 19938869                  /usr/lib/jvm/java-13-openjdk-amd64/lib/libjli.so
7f975eba0000-7f975ebaa000 r-xp 00003000 103:02 19938869                  /usr/lib/jvm/java-13-openjdk-amd64/lib/libjli.so
7f975ebaa000-7f975ebad000 r--p 0000d000 103:02 19938869                  /usr/lib/jvm/java-13-openjdk-amd64/lib/libjli.so
7f975ebad000-7f975ebae000 r--p 0000f000 103:02 19938869                  /usr/lib/jvm/java-13-openjdk-amd64/lib/libjli.so
7f975ebae000-7f975ebaf000 rw-p 00010000 103:02 19938869                  /usr/lib/jvm/java-13-openjdk-amd64/lib/libjli.so
7f975ebaf000-7f975ebb1000 rw-p 00000000 00:00 0 
7f975ebb1000-7f975ebb2000 r--p 00000000 103:02 19794072                  /usr/lib/x86_64-linux-gnu/ld-2.31.so
7f975ebb2000-7f975ebd5000 r-xp 00001000 103:02 19794072                  /usr/lib/x86_64-linux-gnu/ld-2.31.so
7f975ebd5000-7f975ebdd000 r--p 00024000 103:02 19794072                  /usr/lib/x86_64-linux-gnu/ld-2.31.so
7f975ebdd000-7f975ebde000 rwxp 00000000 00:00 0 
7f975ebde000-7f975ebdf000 r--p 0002c000 103:02 19794072                  /usr/lib/x86_64-linux-gnu/ld-2.31.so
7f975ebdf000-7f975ebe0000 rw-p 0002d000 103:02 19794072                  /usr/lib/x86_64-linux-gnu/ld-2.31.so
7f975ebe0000-7f975ebe1000 rw-p 00000000 00:00 0 
7ffcf64d1000-7ffcf64f8000 rw-p 00000000 00:00 0                          [stack]
7ffcf65cb000-7ffcf65cf000 r--p 00000000 00:00 0                          [vvar]
7ffcf65cf000-7ffcf65d1000 r-xp 00000000 00:00 0                          [vdso]
ffffffffff600000-ffffffffff601000 --xp 00000000 00:00 0                  [vsyscall]


VM Arguments:
jvm_args: -agentlib:jdwp=transport=dt_socket,address=127.0.0.1:36651,suspend=y,server=n -ea -Didea.test.cyclic.buffer.size=1048576 -javaagent:/home/pavel/.local/share/JetBrains/Toolbox/apps/IDEA-U/ch-0/223.8617.56/plugins/Groovy/lib/agent/gragent.jar -javaagent:/home/pavel/.local/share/JetBrains/Toolbox/apps/IDEA-U/ch-0/223.8617.56/plugins/java/lib/rt/debugger-agent.jar -Dfile.encoding=UTF-8 
java_command: com.intellij.rt.junit.JUnitStarter -ideVersion5 -junit5 com.crypto.users.service.UserServiceTest,should_throw_exception_on_create_when_password_is_empty
java_class_path (initial): /home/pavel/.m2/repository/org/junit/platform/junit-platform-launcher/1.7.1/junit-platform-launcher-1.7.1.jar:/home/pavel/.m2/repository/org/apiguardian/apiguardian-api/1.1.0/apiguardian-api-1.1.0.jar:/home/pavel/.m2/repository/org/junit/platform/junit-platform-engine/1.7.1/junit-platform-engine-1.7.1.jar:/home/pavel/.m2/repository/org/opentest4j/opentest4j/1.2.0/opentest4j-1.2.0.jar:/home/pavel/.m2/repository/org/junit/platform/junit-platform-commons/1.7.1/junit-platform-commons-1.7.1.jar:/home/pavel/.m2/repository/org/junit/vintage/junit-vintage-engine/5.7.1/junit-vintage-engine-5.7.1.jar:/home/pavel/.local/share/JetBrains/Toolbox/apps/IDEA-U/ch-0/223.8617.56/lib/idea_rt.jar:/home/pavel/.local/share/JetBrains/Toolbox/apps/IDEA-U/ch-0/223.8617.56/plugins/junit/lib/junit5-rt.jar:/home/pavel/.local/share/JetBrains/Toolbox/apps/IDEA-U/ch-0/223.8617.56/plugins/junit/lib/junit-rt.jar:/home/pavel/Desktop/workspace/crypto/backend/out/test/classes:/home/pavel/Desktop/workspace/crypto/backend/out/test/resources:/home/pavel/Desktop/workspace/crypto/backend/out/production/classes:/home/pavel/Desktop/workspace/crypto/backend/out/production/resources:/home/pavel/.gradle/caches/modules-2/files-2.1/org.springframework.boot/spring-boot-starter-web/2.4.4/8b84b6800a0b72d644d77aea3df0bf02008096a7/spring-boot-starter-web-2.4.4.jar:/home/pavel/.gradle/caches/modules-2/files-2.1/org.springframework.boot/spring-boot-starter-data-jpa/2.4.4/467d100d81d955308bf5a32067f6e620dbeda815/spring-boot-starter-data-jpa-2.4.4.jar:/home/pavel/.gradle/caches/modules-2/files-2.1/org.springframework.boot/spring-boot-starter-actuator/2.4.4/533d380d7716058c980b280020ded4aef0b174b8/spring-boot-starter-actuator-2.4.4.jar:/home/pavel/.gradle/caches/modules-2/files-2.1/org.springframework.boot/spring-boot-starter-security/2.4.4/1a4c1249ccdc878cd58ae1ae30ee5958ba99722c/spring-boot-starter-security-2.4.4.jar:/home/pavel/.gradle/caches/modules-2/files-2.1/org.springframework.boot/spri
Launcher Type: SUN_STANDARD

[Global flags]
     intx CICompilerCount                          = 4                                         {product} {ergonomic}
     uint ConcGCThreads                            = 2                                         {product} {ergonomic}
     uint G1ConcRefinementThreads                  = 8                                         {product} {ergonomic}
   size_t G1HeapRegionSize                         = 1048576                                   {product} {ergonomic}
    uintx GCDrainStackTargetSize                   = 64                                        {product} {ergonomic}
   size_t InitialHeapSize                          = 260046848                                 {product} {ergonomic}
   size_t MarkStackSize                            = 4194304                                   {product} {ergonomic}
   size_t MaxHeapSize                              = 4139778048                                {product} {ergonomic}
   size_t MaxNewSize                               = 2483027968                                {product} {ergonomic}
   size_t MinHeapDeltaBytes                        = 1048576                                   {product} {ergonomic}
   size_t MinHeapSize                              = 8388608                                   {product} {ergonomic}
    uintx NonNMethodCodeHeapSize                   = 5839372                                {pd product} {ergonomic}
    uintx NonProfiledCodeHeapSize                  = 122909434                              {pd product} {ergonomic}
    uintx ProfiledCodeHeapSize                     = 122909434                              {pd product} {ergonomic}
    uintx ReservedCodeCacheSize                    = 251658240                              {pd product} {ergonomic}
     bool SegmentedCodeCache                       = true                                      {product} {ergonomic}
   size_t SoftMaxHeapSize                          = 4139778048                             {manageable} {ergonomic}
     bool UseCompressedClassPointers               = true                                 {lp64_product} {ergonomic}
     bool UseCompressedOops                        = true                                 {lp64_product} {ergonomic}
     bool UseG1GC                                  = true                                      {product} {ergonomic}

Logging:
Log output configuration:
 #0: stdout all=warning uptime,level,tags
 #1: stderr all=off uptime,level,tags

Environment Variables:
PATH=/usr/local/sbin:/usr/local/bin:/usr/sbin:/usr/bin:/sbin:/bin:/usr/games:/usr/local/games:/snap/bin:/home/pavel/.local/share/JetBrains/Toolbox/scripts
USERNAME=pavel
SHELL=/bin/bash
DISPLAY=:0

Signal Handlers:
SIGSEGV: [libjvm.so+0xf8fcf0], sa_mask[0]=11111111011111111101111111111110, sa_flags=SA_RESTART|SA_SIGINFO
SIGBUS: [libjvm.so+0xf8fcf0], sa_mask[0]=11111111011111111101111111111110, sa_flags=SA_RESTART|SA_SIGINFO
SIGFPE: [libjvm.so+0xf8fcf0], sa_mask[0]=11111111011111111101111111111110, sa_flags=SA_RESTART|SA_SIGINFO
SIGPIPE: [libjvm.so+0xc3ffa0], sa_mask[0]=11111111011111111101111111111110, sa_flags=SA_RESTART|SA_SIGINFO
SIGXFSZ: [libjvm.so+0xc3ffa0], sa_mask[0]=11111111011111111101111111111110, sa_flags=SA_RESTART|SA_SIGINFO
SIGILL: [libjvm.so+0xf8fcf0], sa_mask[0]=11111111011111111101111111111110, sa_flags=SA_RESTART|SA_SIGINFO
SIGUSR2: [libjvm.so+0xc3fe40], sa_mask[0]=00100000000000000000000000000000, sa_flags=SA_RESTART|SA_SIGINFO
SIGHUP: [libjvm.so+0xc40580], sa_mask[0]=11111111011111111101111111111110, sa_flags=SA_RESTART|SA_SIGINFO
SIGINT: [libjvm.so+0xc40580], sa_mask[0]=11111111011111111101111111111110, sa_flags=SA_RESTART|SA_SIGINFO
SIGTERM: [libjvm.so+0xc40580], sa_mask[0]=11111111011111111101111111111110, sa_flags=SA_RESTART|SA_SIGINFO
SIGQUIT: [libjvm.so+0xc40580], sa_mask[0]=11111111011111111101111111111110, sa_flags=SA_RESTART|SA_SIGINFO


---------------  S Y S T E M  ---------------

OS:DISTRIB_ID=Ubuntu
DISTRIB_RELEASE=20.04
DISTRIB_CODENAME=focal
DISTRIB_DESCRIPTION="Ubuntu 20.04.5 LTS"
uname:Linux 5.15.0-58-generic #64~20.04.1-Ubuntu SMP Fri Jan 6 16:42:31 UTC 2023 x86_64
OS uptime: 2 days 6:42 hours
libc:glibc 2.31 NPTL 2.31 
rlimit (soft/hard): STACK 8192k/infinity , CORE 0k/infinity , NPROC 62840/62840 , NOFILE 1048576/1048576 , AS infinity/infinity , CPU infinity/infinity , DATA infinity/infinity , FSIZE infinity/infinity , MEMLOCK 65536k/65536k
load average:1,28 1,25 1,17

/proc/meminfo:
MemTotal:       16164096 kB
MemFree:          856872 kB
MemAvailable:    2388088 kB
Buffers:           64712 kB
Cached:          2277004 kB
SwapCached:        37064 kB
Active:          5398636 kB
Inactive:        8929176 kB
Active(anon):    4248828 kB
Inactive(anon):  8390548 kB
Active(file):    1149808 kB
Inactive(file):   538628 kB
Unevictable:      223184 kB
Mlocked:             160 kB
SwapTotal:       2097148 kB
SwapFree:          31256 kB
Dirty:             11400 kB
Writeback:             0 kB
AnonPages:      12172864 kB
Mapped:           700260 kB
Shmem:            653872 kB
KReclaimable:     187452 kB
Slab:             406776 kB
SReclaimable:     187452 kB
SUnreclaim:       219324 kB
KernelStack:       35408 kB
PageTables:       100188 kB
NFS_Unstable:          0 kB
Bounce:                0 kB
WritebackTmp:          0 kB
CommitLimit:    10179196 kB
Committed_AS:   27139160 kB
VmallocTotal:   34359738367 kB
VmallocUsed:       76516 kB
VmallocChunk:          0 kB
Percpu:             9280 kB
HardwareCorrupted:     0 kB
AnonHugePages:         0 kB
ShmemHugePages:        0 kB
ShmemPmdMapped:        0 kB
FileHugePages:         0 kB
FilePmdMapped:         0 kB
HugePages_Total:       0
HugePages_Free:        0
HugePages_Rsvd:        0
HugePages_Surp:        0
Hugepagesize:       2048 kB
Hugetlb:               0 kB
DirectMap4k:      583360 kB
DirectMap2M:    10729472 kB
DirectMap1G:     5242880 kB

/sys/kernel/mm/transparent_hugepage/enabled:
always [madvise] never

/sys/kernel/mm/transparent_hugepage/defrag (defrag/compaction efforts parameter):
always defer defer+madvise [madvise] never


/proc/sys/kernel/threads-max (system-wide limit on the number of threads):
125680


/proc/sys/vm/max_map_count (maximum number of memory map areas a process may have):
65530


/proc/sys/kernel/pid_max (system-wide limit on number of process identifiers):
4194304



container (cgroup) information:
container_type: cgroupv1
cpu_cpuset_cpus: 0-7
cpu_memory_nodes: 0
active_processor_count: 8
cpu_quota: no quota
cpu_period: 100000
cpu_shares: no shares
memory_limit_in_bytes: unlimited
memory_and_swap_limit_in_bytes: unlimited
memory_soft_limit_in_bytes: unlimited
memory_usage_in_bytes: 14530691072
memory_max_usage_in_bytes: 15479713792

Steal ticks since vm start: 0
Steal ticks percentage since vm start:  0,000

CPU:total 8 (initial active 8) (4 cores per cpu, 2 threads per core) family 6 model 140 stepping 1, cmov, cx8, fxsr, mmx, sse, sse2, sse3, ssse3, sse4.1, sse4.2, popcnt, avx, avx2, aes, clmul, erms, 3dnowpref, lzcnt, ht, tsc, tscinvbit, bmi1, bmi2, adx, evex, sha, fma
CPU Model and flags from /proc/cpuinfo:
model name	: 11th Gen Intel(R) Core(TM) i7-1165G7 @ 2.80GHz
flags		: fpu vme de pse tsc msr pae mce cx8 apic sep mtrr pge mca cmov pat pse36 clflush dts acpi mmx fxsr sse sse2 ss ht tm pbe syscall nx pdpe1gb rdtscp lm constant_tsc art arch_perfmon pebs bts rep_good nopl xtopology nonstop_tsc cpuid aperfmperf tsc_known_freq pni pclmulqdq dtes64 monitor ds_cpl vmx est tm2 ssse3 sdbg fma cx16 xtpr pdcm pcid sse4_1 sse4_2 x2apic movbe popcnt tsc_deadline_timer aes xsave avx f16c rdrand lahf_lm abm 3dnowprefetch cpuid_fault epb cat_l2 invpcid_single cdp_l2 ssbd ibrs ibpb stibp ibrs_enhanced tpr_shadow vnmi flexpriority ept vpid ept_ad fsgsbase tsc_adjust bmi1 avx2 smep bmi2 erms invpcid rdt_a avx512f avx512dq rdseed adx smap avx512ifma clflushopt clwb intel_pt avx512cd sha_ni avx512bw avx512vl xsaveopt xsavec xgetbv1 xsaves split_lock_detect dtherm ida arat pln pts hwp hwp_notify hwp_act_window hwp_epp hwp_pkg_req avx512vbmi umip pku ospke avx512_vbmi2 gfni vaes vpclmulqdq avx512_vnni avx512_bitalg avx512_vpopcntdq rdpid movdiri movdir64b fsrm avx512_vp2intersect md_clear flush_l1d arch_capabilities
Online cpus:0-7
Offline cpus:
BIOS frequency limitation:<Not Available>
Frequency switch latency (ns):0
Available cpu frequencies:<Not Available>
Current governor:powersave
Core performance/turbo boost:<Not Available>

Memory: 4k page, physical 16164096k(856872k free), swap 2097148k(31256k free)

vm_info: OpenJDK 64-Bit Server VM (13.0.7+5-Ubuntu-0ubuntu120.04) for linux-amd64 JRE (13.0.7+5-Ubuntu-0ubuntu120.04), built on Apr 21 2021 05:36:19 by "unknown" with gcc 9.3.0

END.
